[0.772s] DEBUG:colcon:Command line arguments: ['/usr/bin/colcon', 'build', '--symlink-install']
[0.772s] DEBUG:colcon:Parsed command line arguments: Namespace(log_base=None, log_level=None, verb_name='build', build_base='build', install_base='install', merge_install=False, symlink_install=True, test_result_base=None, continue_on_error=False, executor='parallel', parallel_workers=4, event_handlers=None, ignore_user_meta=False, metas=['./colcon.meta'], base_paths=['.'], packages_ignore=None, packages_ignore_regex=None, paths=None, packages_up_to=None, packages_up_to_regex=None, packages_above=None, packages_above_and_dependencies=None, packages_above_depth=None, packages_select_by_dep=None, packages_skip_by_dep=None, packages_skip_up_to=None, packages_select_build_failed=False, packages_skip_build_finished=False, packages_select_test_failures=False, packages_skip_test_passed=False, packages_select=None, packages_skip=None, packages_select_regex=None, packages_skip_regex=None, packages_start=None, packages_end=None, allow_overriding=[], cmake_args=None, cmake_target=None, cmake_target_skip_unavailable=False, cmake_clean_cache=False, cmake_clean_first=False, cmake_force_configure=False, ament_cmake_args=None, catkin_cmake_args=None, catkin_skip_building_tests=False, mixin_files=None, mixin=None, verb_parser=<colcon_mixin.mixin.mixin_argument.MixinArgumentDecorator object at 0xffffa90f4fd0>, verb_extension=<colcon_core.verb.build.BuildVerb object at 0xffffa92bd570>, main=<bound method BuildVerb.main of <colcon_core.verb.build.BuildVerb object at 0xffffa92bd570>>, mixin_verb=('build',))
[1.873s] Level 1:colcon.colcon_core.package_discovery:discover_packages(colcon_meta) check parameters
[1.874s] Level 1:colcon.colcon_core.package_discovery:discover_packages(recursive) check parameters
[1.874s] Level 1:colcon.colcon_core.package_discovery:discover_packages(ignore) check parameters
[1.874s] Level 1:colcon.colcon_core.package_discovery:discover_packages(path) check parameters
[1.874s] Level 1:colcon.colcon_core.package_discovery:discover_packages(colcon_meta) discover
[1.875s] Level 1:colcon.colcon_core.package_discovery:discover_packages(recursive) discover
[1.875s] INFO:colcon.colcon_core.package_discovery:Crawling recursively for packages in '/home/ubuntu/charades'
[1.876s] Level 1:colcon.colcon_core.package_identification:_identify(.) by extensions ['ignore', 'ignore_ament_install']
[1.876s] Level 1:colcon.colcon_core.package_identification:_identify(.) by extension 'ignore'
[1.876s] Level 1:colcon.colcon_core.package_identification:_identify(.) by extension 'ignore_ament_install'
[1.877s] Level 1:colcon.colcon_core.package_identification:_identify(.) by extensions ['colcon_pkg']
[1.877s] Level 1:colcon.colcon_core.package_identification:_identify(.) by extension 'colcon_pkg'
[1.877s] Level 1:colcon.colcon_core.package_identification:_identify(.) by extensions ['colcon_meta']
[1.877s] Level 1:colcon.colcon_core.package_identification:_identify(.) by extension 'colcon_meta'
[1.878s] Level 1:colcon.colcon_core.package_identification:_identify(.) by extensions ['ros']
[1.878s] Level 1:colcon.colcon_core.package_identification:_identify(.) by extension 'ros'
[1.927s] Level 1:colcon.colcon_core.package_identification:_identify(.) by extensions ['cmake', 'python']
[1.927s] Level 1:colcon.colcon_core.package_identification:_identify(.) by extension 'cmake'
[1.927s] Level 1:colcon.colcon_core.package_identification:_identify(.) by extension 'python'
[1.927s] Level 1:colcon.colcon_core.package_identification:_identify(.) by extensions ['python_setup_py']
[1.928s] Level 1:colcon.colcon_core.package_identification:_identify(.) by extension 'python_setup_py'
[1.928s] Level 1:colcon.colcon_core.package_identification:_identify(build) by extensions ['ignore', 'ignore_ament_install']
[1.929s] Level 1:colcon.colcon_core.package_identification:_identify(build) by extension 'ignore'
[1.929s] Level 1:colcon.colcon_core.package_identification:_identify(build) ignored
[1.930s] Level 1:colcon.colcon_core.package_identification:_identify(install) by extensions ['ignore', 'ignore_ament_install']
[1.930s] Level 1:colcon.colcon_core.package_identification:_identify(install) by extension 'ignore'
[1.930s] Level 1:colcon.colcon_core.package_identification:_identify(install) ignored
[1.931s] Level 1:colcon.colcon_core.package_identification:_identify(log) by extensions ['ignore', 'ignore_ament_install']
[1.931s] Level 1:colcon.colcon_core.package_identification:_identify(log) by extension 'ignore'
[1.931s] Level 1:colcon.colcon_core.package_identification:_identify(log) ignored
[1.932s] Level 1:colcon.colcon_core.package_identification:_identify(src) by extensions ['ignore', 'ignore_ament_install']
[1.932s] Level 1:colcon.colcon_core.package_identification:_identify(src) by extension 'ignore'
[1.932s] Level 1:colcon.colcon_core.package_identification:_identify(src) by extension 'ignore_ament_install'
[1.932s] Level 1:colcon.colcon_core.package_identification:_identify(src) by extensions ['colcon_pkg']
[1.933s] Level 1:colcon.colcon_core.package_identification:_identify(src) by extension 'colcon_pkg'
[1.933s] Level 1:colcon.colcon_core.package_identification:_identify(src) by extensions ['colcon_meta']
[1.933s] Level 1:colcon.colcon_core.package_identification:_identify(src) by extension 'colcon_meta'
[1.933s] Level 1:colcon.colcon_core.package_identification:_identify(src) by extensions ['ros']
[1.933s] Level 1:colcon.colcon_core.package_identification:_identify(src) by extension 'ros'
[1.934s] Level 1:colcon.colcon_core.package_identification:_identify(src) by extensions ['cmake', 'python']
[1.934s] Level 1:colcon.colcon_core.package_identification:_identify(src) by extension 'cmake'
[1.934s] Level 1:colcon.colcon_core.package_identification:_identify(src) by extension 'python'
[1.934s] Level 1:colcon.colcon_core.package_identification:_identify(src) by extensions ['python_setup_py']
[1.934s] Level 1:colcon.colcon_core.package_identification:_identify(src) by extension 'python_setup_py'
[1.935s] Level 1:colcon.colcon_core.package_identification:_identify(src/charades_pkg) by extensions ['ignore', 'ignore_ament_install']
[1.935s] Level 1:colcon.colcon_core.package_identification:_identify(src/charades_pkg) by extension 'ignore'
[1.936s] Level 1:colcon.colcon_core.package_identification:_identify(src/charades_pkg) by extension 'ignore_ament_install'
[1.936s] Level 1:colcon.colcon_core.package_identification:_identify(src/charades_pkg) by extensions ['colcon_pkg']
[1.936s] Level 1:colcon.colcon_core.package_identification:_identify(src/charades_pkg) by extension 'colcon_pkg'
[1.937s] Level 1:colcon.colcon_core.package_identification:_identify(src/charades_pkg) by extensions ['colcon_meta']
[1.937s] Level 1:colcon.colcon_core.package_identification:_identify(src/charades_pkg) by extension 'colcon_meta'
[1.937s] Level 1:colcon.colcon_core.package_identification:_identify(src/charades_pkg) by extensions ['ros']
[1.937s] Level 1:colcon.colcon_core.package_identification:_identify(src/charades_pkg) by extension 'ros'
[1.947s] DEBUG:colcon.colcon_core.package_identification:Package 'src/charades_pkg' with type 'ros.ament_python' and name 'charades_pkg'
[1.947s] Level 1:colcon.colcon_core.package_discovery:discover_packages(recursive) using defaults
[1.948s] Level 1:colcon.colcon_core.package_discovery:discover_packages(ignore) discover
[1.948s] Level 1:colcon.colcon_core.package_discovery:discover_packages(ignore) using defaults
[1.948s] Level 1:colcon.colcon_core.package_discovery:discover_packages(path) discover
[1.948s] Level 1:colcon.colcon_core.package_discovery:discover_packages(path) using defaults
[2.109s] Level 1:colcon.colcon_core.package_discovery:discover_packages(prefix_path) check parameters
[2.109s] Level 1:colcon.colcon_core.package_discovery:discover_packages(prefix_path) discover
[2.134s] DEBUG:colcon.colcon_installed_package_information.package_discovery:Found 333 installed packages in /opt/ros/humble
[2.142s] Level 1:colcon.colcon_core.package_discovery:discover_packages(prefix_path) using defaults
[2.346s] Level 5:colcon.colcon_core.verb:set package 'charades_pkg' build argument 'cmake_args' from command line to 'None'
[2.347s] Level 5:colcon.colcon_core.verb:set package 'charades_pkg' build argument 'cmake_target' from command line to 'None'
[2.347s] Level 5:colcon.colcon_core.verb:set package 'charades_pkg' build argument 'cmake_target_skip_unavailable' from command line to 'False'
[2.347s] Level 5:colcon.colcon_core.verb:set package 'charades_pkg' build argument 'cmake_clean_cache' from command line to 'False'
[2.347s] Level 5:colcon.colcon_core.verb:set package 'charades_pkg' build argument 'cmake_clean_first' from command line to 'False'
[2.347s] Level 5:colcon.colcon_core.verb:set package 'charades_pkg' build argument 'cmake_force_configure' from command line to 'False'
[2.347s] Level 5:colcon.colcon_core.verb:set package 'charades_pkg' build argument 'ament_cmake_args' from command line to 'None'
[2.347s] Level 5:colcon.colcon_core.verb:set package 'charades_pkg' build argument 'catkin_cmake_args' from command line to 'None'
[2.347s] Level 5:colcon.colcon_core.verb:set package 'charades_pkg' build argument 'catkin_skip_building_tests' from command line to 'False'
[2.348s] DEBUG:colcon.colcon_core.verb:Building package 'charades_pkg' with the following arguments: {'ament_cmake_args': None, 'build_base': '/home/ubuntu/charades/build/charades_pkg', 'catkin_cmake_args': None, 'catkin_skip_building_tests': False, 'cmake_args': None, 'cmake_clean_cache': False, 'cmake_clean_first': False, 'cmake_force_configure': False, 'cmake_target': None, 'cmake_target_skip_unavailable': False, 'install_base': '/home/ubuntu/charades/install/charades_pkg', 'merge_install': False, 'path': '/home/ubuntu/charades/src/charades_pkg', 'symlink_install': True, 'test_result_base': None}
[2.348s] INFO:colcon.colcon_core.executor:Executing jobs using 'parallel' executor
[2.351s] DEBUG:colcon.colcon_parallel_executor.executor.parallel:run_until_complete
[2.353s] INFO:colcon.colcon_ros.task.ament_python.build:Building ROS package in '/home/ubuntu/charades/src/charades_pkg' with build type 'ament_python'
[2.354s] Level 1:colcon.colcon_core.shell:create_environment_hook('charades_pkg', 'ament_prefix_path')
[2.375s] INFO:colcon.colcon_core.plugin_system:Skipping extension 'colcon_core.shell.bat': Not used on non-Windows systems
[2.377s] INFO:colcon.colcon_core.shell:Creating environment hook '/home/ubuntu/charades/install/charades_pkg/share/charades_pkg/hook/ament_prefix_path.ps1'
[2.381s] INFO:colcon.colcon_core.shell:Creating environment descriptor '/home/ubuntu/charades/install/charades_pkg/share/charades_pkg/hook/ament_prefix_path.dsv'
[2.384s] INFO:colcon.colcon_core.shell:Creating environment hook '/home/ubuntu/charades/install/charades_pkg/share/charades_pkg/hook/ament_prefix_path.sh'
[2.388s] INFO:colcon.colcon_core.shell:Skip shell extension 'powershell' for command environment: Not usable outside of PowerShell
[2.389s] DEBUG:colcon.colcon_core.shell:Skip shell extension 'dsv' for command environment
[3.807s] INFO:colcon.colcon_core.task.python.build:Building Python package in '/home/ubuntu/charades/src/charades_pkg'
[3.808s] INFO:colcon.colcon_core.shell:Skip shell extension 'powershell' for command environment: Not usable outside of PowerShell
[3.808s] DEBUG:colcon.colcon_core.shell:Skip shell extension 'dsv' for command environment
[6.246s] DEBUG:colcon.colcon_core.event_handler.log_command:Invoking command in '/home/ubuntu/charades/build/charades_pkg': PYTHONPATH=/home/ubuntu/charades/build/charades_pkg/prefix_override:/usr/lib/python3/dist-packages/colcon_core/task/python/colcon_distutils_commands:/home/ubuntu/charades/install/charades_pkg/lib/python3.10/site-packages:${PYTHONPATH} /usr/bin/python3 -W ignore:setup.py install is deprecated setup.py develop --editable --build-directory /home/ubuntu/charades/build/charades_pkg/build --no-deps symlink_data
[8.676s] Level 1:colcon.colcon_core.shell:create_environment_hook('charades_pkg', 'pythonpath_develop')
[8.677s] INFO:colcon.colcon_core.shell:Creating environment hook '/home/ubuntu/charades/build/charades_pkg/share/charades_pkg/hook/pythonpath_develop.ps1'
[8.679s] DEBUG:colcon.colcon_core.event_handler.log_command:Invoked command in '/home/ubuntu/charades/build/charades_pkg' returned '0': PYTHONPATH=/home/ubuntu/charades/build/charades_pkg/prefix_override:/usr/lib/python3/dist-packages/colcon_core/task/python/colcon_distutils_commands:/home/ubuntu/charades/install/charades_pkg/lib/python3.10/site-packages:${PYTHONPATH} /usr/bin/python3 -W ignore:setup.py install is deprecated setup.py develop --editable --build-directory /home/ubuntu/charades/build/charades_pkg/build --no-deps symlink_data
[8.681s] INFO:colcon.colcon_core.shell:Creating environment descriptor '/home/ubuntu/charades/build/charades_pkg/share/charades_pkg/hook/pythonpath_develop.dsv'
[8.682s] INFO:colcon.colcon_core.shell:Creating environment hook '/home/ubuntu/charades/build/charades_pkg/share/charades_pkg/hook/pythonpath_develop.sh'
[8.712s] Level 1:colcon.colcon_core.environment:checking '/home/ubuntu/charades/install/charades_pkg' for CMake module files
[8.714s] Level 1:colcon.colcon_core.environment:checking '/home/ubuntu/charades/install/charades_pkg' for CMake config files
[8.717s] Level 1:colcon.colcon_core.environment:checking '/home/ubuntu/charades/install/charades_pkg/lib'
[8.718s] Level 1:colcon.colcon_core.environment:checking '/home/ubuntu/charades/install/charades_pkg/bin'
[8.718s] Level 1:colcon.colcon_core.environment:checking '/home/ubuntu/charades/install/charades_pkg/lib/pkgconfig/charades_pkg.pc'
[8.719s] Level 1:colcon.colcon_core.environment:checking '/home/ubuntu/charades/install/charades_pkg/lib/python3.10/site-packages'
[8.719s] Level 1:colcon.colcon_core.shell:create_environment_hook('charades_pkg', 'pythonpath')
[8.720s] INFO:colcon.colcon_core.shell:Creating environment hook '/home/ubuntu/charades/install/charades_pkg/share/charades_pkg/hook/pythonpath.ps1'
[8.722s] INFO:colcon.colcon_core.shell:Creating environment descriptor '/home/ubuntu/charades/install/charades_pkg/share/charades_pkg/hook/pythonpath.dsv'
[8.724s] INFO:colcon.colcon_core.shell:Creating environment hook '/home/ubuntu/charades/install/charades_pkg/share/charades_pkg/hook/pythonpath.sh'
[8.727s] Level 1:colcon.colcon_core.environment:checking '/home/ubuntu/charades/install/charades_pkg/bin'
[8.727s] Level 1:colcon.colcon_core.environment:create_environment_scripts_only(charades_pkg)
[8.729s] INFO:colcon.colcon_core.shell:Creating package script '/home/ubuntu/charades/install/charades_pkg/share/charades_pkg/package.ps1'
[8.733s] INFO:colcon.colcon_core.shell:Creating package descriptor '/home/ubuntu/charades/install/charades_pkg/share/charades_pkg/package.dsv'
[8.736s] INFO:colcon.colcon_core.shell:Creating package script '/home/ubuntu/charades/install/charades_pkg/share/charades_pkg/package.sh'
[8.741s] INFO:colcon.colcon_core.shell:Creating package script '/home/ubuntu/charades/install/charades_pkg/share/charades_pkg/package.bash'
[8.745s] INFO:colcon.colcon_core.shell:Creating package script '/home/ubuntu/charades/install/charades_pkg/share/charades_pkg/package.zsh'
[8.749s] Level 1:colcon.colcon_core.environment:create_file_with_runtime_dependencies(/home/ubuntu/charades/install/charades_pkg/share/colcon-core/packages/charades_pkg)
[8.751s] DEBUG:colcon.colcon_parallel_executor.executor.parallel:closing loop
[8.753s] DEBUG:colcon.colcon_parallel_executor.executor.parallel:loop closed
[8.753s] DEBUG:colcon.colcon_parallel_executor.executor.parallel:run_until_complete finished with '0'
[8.755s] DEBUG:colcon.colcon_core.event_reactor:joining thread
[8.784s] INFO:colcon.colcon_core.plugin_system:Skipping extension 'colcon_notification.desktop_notification.notify_send': Could not find 'notify-send'
[8.785s] INFO:colcon.colcon_core.plugin_system:Skipping extension 'colcon_notification.desktop_notification.terminal_notifier': Not used on non-Darwin systems
[8.785s] INFO:colcon.colcon_core.plugin_system:Skipping extension 'colcon_notification.desktop_notification.win32': Not used on non-Windows systems
[8.786s] INFO:colcon.colcon_notification.desktop_notification:Sending desktop notification using 'notify2'
[8.789s] DEBUG:colcon.colcon_notification.desktop_notification.notify2:Failed to initialize notify2: org.freedesktop.DBus.Error.ServiceUnknown: The name org.freedesktop.Notifications was not provided by any .service files
[8.789s] DEBUG:colcon.colcon_core.event_reactor:joined thread
[8.790s] INFO:colcon.colcon_core.shell:Creating prefix script '/home/ubuntu/charades/install/local_setup.ps1'
[8.795s] INFO:colcon.colcon_core.shell:Creating prefix util module '/home/ubuntu/charades/install/_local_setup_util_ps1.py'
[8.802s] INFO:colcon.colcon_core.shell:Creating prefix chain script '/home/ubuntu/charades/install/setup.ps1'
[8.808s] INFO:colcon.colcon_core.shell:Creating prefix script '/home/ubuntu/charades/install/local_setup.sh'
[8.812s] INFO:colcon.colcon_core.shell:Creating prefix util module '/home/ubuntu/charades/install/_local_setup_util_sh.py'
[8.815s] INFO:colcon.colcon_core.shell:Creating prefix chain script '/home/ubuntu/charades/install/setup.sh'
[8.819s] INFO:colcon.colcon_core.shell:Creating prefix script '/home/ubuntu/charades/install/local_setup.bash'
[8.822s] INFO:colcon.colcon_core.shell:Creating prefix chain script '/home/ubuntu/charades/install/setup.bash'
[8.827s] INFO:colcon.colcon_core.shell:Creating prefix script '/home/ubuntu/charades/install/local_setup.zsh'
[8.830s] INFO:colcon.colcon_core.shell:Creating prefix chain script '/home/ubuntu/charades/install/setup.zsh'
