[0.592s] DEBUG:colcon:Command line arguments: ['/usr/bin/colcon', 'build', '--symlink-install']
[0.592s] DEBUG:colcon:Parsed command line arguments: Namespace(log_base=None, log_level=None, verb_name='build', build_base='build', install_base='install', merge_install=False, symlink_install=True, test_result_base=None, continue_on_error=False, executor='parallel', parallel_workers=4, event_handlers=None, ignore_user_meta=False, metas=['./colcon.meta'], base_paths=['.'], packages_ignore=None, packages_ignore_regex=None, paths=None, packages_up_to=None, packages_up_to_regex=None, packages_above=None, packages_above_and_dependencies=None, packages_above_depth=None, packages_select_by_dep=None, packages_skip_by_dep=None, packages_skip_up_to=None, packages_select_build_failed=False, packages_skip_build_finished=False, packages_select_test_failures=False, packages_skip_test_passed=False, packages_select=None, packages_skip=None, packages_select_regex=None, packages_skip_regex=None, packages_start=None, packages_end=None, allow_overriding=[], cmake_args=None, cmake_target=None, cmake_target_skip_unavailable=False, cmake_clean_cache=False, cmake_clean_first=False, cmake_force_configure=False, ament_cmake_args=None, catkin_cmake_args=None, catkin_skip_building_tests=False, mixin_files=None, mixin=None, verb_parser=<colcon_mixin.mixin.mixin_argument.MixinArgumentDecorator object at 0xffffa3d2d5a0>, verb_extension=<colcon_core.verb.build.BuildVerb object at 0xffffa3f01cf0>, main=<bound method BuildVerb.main of <colcon_core.verb.build.BuildVerb object at 0xffffa3f01cf0>>, mixin_verb=('build',))
[1.588s] Level 1:colcon.colcon_core.package_discovery:discover_packages(colcon_meta) check parameters
[1.589s] Level 1:colcon.colcon_core.package_discovery:discover_packages(recursive) check parameters
[1.589s] Level 1:colcon.colcon_core.package_discovery:discover_packages(ignore) check parameters
[1.589s] Level 1:colcon.colcon_core.package_discovery:discover_packages(path) check parameters
[1.589s] Level 1:colcon.colcon_core.package_discovery:discover_packages(colcon_meta) discover
[1.590s] Level 1:colcon.colcon_core.package_discovery:discover_packages(recursive) discover
[1.590s] INFO:colcon.colcon_core.package_discovery:Crawling recursively for packages in '/home/ubuntu/charades'
[1.590s] Level 1:colcon.colcon_core.package_identification:_identify(.) by extensions ['ignore', 'ignore_ament_install']
[1.591s] Level 1:colcon.colcon_core.package_identification:_identify(.) by extension 'ignore'
[1.591s] Level 1:colcon.colcon_core.package_identification:_identify(.) by extension 'ignore_ament_install'
[1.591s] Level 1:colcon.colcon_core.package_identification:_identify(.) by extensions ['colcon_pkg']
[1.591s] Level 1:colcon.colcon_core.package_identification:_identify(.) by extension 'colcon_pkg'
[1.591s] Level 1:colcon.colcon_core.package_identification:_identify(.) by extensions ['colcon_meta']
[1.591s] Level 1:colcon.colcon_core.package_identification:_identify(.) by extension 'colcon_meta'
[1.592s] Level 1:colcon.colcon_core.package_identification:_identify(.) by extensions ['ros']
[1.592s] Level 1:colcon.colcon_core.package_identification:_identify(.) by extension 'ros'
[1.641s] Level 1:colcon.colcon_core.package_identification:_identify(.) by extensions ['cmake', 'python']
[1.641s] Level 1:colcon.colcon_core.package_identification:_identify(.) by extension 'cmake'
[1.641s] Level 1:colcon.colcon_core.package_identification:_identify(.) by extension 'python'
[1.641s] Level 1:colcon.colcon_core.package_identification:_identify(.) by extensions ['python_setup_py']
[1.641s] Level 1:colcon.colcon_core.package_identification:_identify(.) by extension 'python_setup_py'
[1.642s] Level 1:colcon.colcon_core.package_identification:_identify(build) by extensions ['ignore', 'ignore_ament_install']
[1.642s] Level 1:colcon.colcon_core.package_identification:_identify(build) by extension 'ignore'
[1.642s] Level 1:colcon.colcon_core.package_identification:_identify(build) ignored
[1.643s] Level 1:colcon.colcon_core.package_identification:_identify(install) by extensions ['ignore', 'ignore_ament_install']
[1.643s] Level 1:colcon.colcon_core.package_identification:_identify(install) by extension 'ignore'
[1.644s] Level 1:colcon.colcon_core.package_identification:_identify(install) ignored
[1.644s] Level 1:colcon.colcon_core.package_identification:_identify(log) by extensions ['ignore', 'ignore_ament_install']
[1.645s] Level 1:colcon.colcon_core.package_identification:_identify(log) by extension 'ignore'
[1.645s] Level 1:colcon.colcon_core.package_identification:_identify(log) ignored
[1.645s] Level 1:colcon.colcon_core.package_identification:_identify(src) by extensions ['ignore', 'ignore_ament_install']
[1.646s] Level 1:colcon.colcon_core.package_identification:_identify(src) by extension 'ignore'
[1.646s] Level 1:colcon.colcon_core.package_identification:_identify(src) by extension 'ignore_ament_install'
[1.646s] Level 1:colcon.colcon_core.package_identification:_identify(src) by extensions ['colcon_pkg']
[1.646s] Level 1:colcon.colcon_core.package_identification:_identify(src) by extension 'colcon_pkg'
[1.646s] Level 1:colcon.colcon_core.package_identification:_identify(src) by extensions ['colcon_meta']
[1.647s] Level 1:colcon.colcon_core.package_identification:_identify(src) by extension 'colcon_meta'
[1.647s] Level 1:colcon.colcon_core.package_identification:_identify(src) by extensions ['ros']
[1.647s] Level 1:colcon.colcon_core.package_identification:_identify(src) by extension 'ros'
[1.647s] Level 1:colcon.colcon_core.package_identification:_identify(src) by extensions ['cmake', 'python']
[1.647s] Level 1:colcon.colcon_core.package_identification:_identify(src) by extension 'cmake'
[1.647s] Level 1:colcon.colcon_core.package_identification:_identify(src) by extension 'python'
[1.648s] Level 1:colcon.colcon_core.package_identification:_identify(src) by extensions ['python_setup_py']
[1.648s] Level 1:colcon.colcon_core.package_identification:_identify(src) by extension 'python_setup_py'
[1.648s] Level 1:colcon.colcon_core.package_identification:_identify(src/charades_pkg) by extensions ['ignore', 'ignore_ament_install']
[1.649s] Level 1:colcon.colcon_core.package_identification:_identify(src/charades_pkg) by extension 'ignore'
[1.649s] Level 1:colcon.colcon_core.package_identification:_identify(src/charades_pkg) by extension 'ignore_ament_install'
[1.649s] Level 1:colcon.colcon_core.package_identification:_identify(src/charades_pkg) by extensions ['colcon_pkg']
[1.649s] Level 1:colcon.colcon_core.package_identification:_identify(src/charades_pkg) by extension 'colcon_pkg'
[1.649s] Level 1:colcon.colcon_core.package_identification:_identify(src/charades_pkg) by extensions ['colcon_meta']
[1.650s] Level 1:colcon.colcon_core.package_identification:_identify(src/charades_pkg) by extension 'colcon_meta'
[1.650s] Level 1:colcon.colcon_core.package_identification:_identify(src/charades_pkg) by extensions ['ros']
[1.650s] Level 1:colcon.colcon_core.package_identification:_identify(src/charades_pkg) by extension 'ros'
[1.659s] DEBUG:colcon.colcon_core.package_identification:Package 'src/charades_pkg' with type 'ros.ament_python' and name 'charades_pkg'
[1.659s] Level 1:colcon.colcon_core.package_discovery:discover_packages(recursive) using defaults
[1.659s] Level 1:colcon.colcon_core.package_discovery:discover_packages(ignore) discover
[1.659s] Level 1:colcon.colcon_core.package_discovery:discover_packages(ignore) using defaults
[1.660s] Level 1:colcon.colcon_core.package_discovery:discover_packages(path) discover
[1.660s] Level 1:colcon.colcon_core.package_discovery:discover_packages(path) using defaults
[1.789s] Level 1:colcon.colcon_core.package_discovery:discover_packages(prefix_path) check parameters
[1.790s] Level 1:colcon.colcon_core.package_discovery:discover_packages(prefix_path) discover
[1.800s] DEBUG:colcon.colcon_installed_package_information.package_discovery:Found 1 installed packages in /home/ubuntu/charades/install
[1.810s] DEBUG:colcon.colcon_installed_package_information.package_discovery:Found 333 installed packages in /opt/ros/humble
[1.818s] Level 1:colcon.colcon_core.package_discovery:discover_packages(prefix_path) using defaults
[2.029s] Level 5:colcon.colcon_core.verb:set package 'charades_pkg' build argument 'cmake_args' from command line to 'None'
[2.030s] Level 5:colcon.colcon_core.verb:set package 'charades_pkg' build argument 'cmake_target' from command line to 'None'
[2.030s] Level 5:colcon.colcon_core.verb:set package 'charades_pkg' build argument 'cmake_target_skip_unavailable' from command line to 'False'
[2.030s] Level 5:colcon.colcon_core.verb:set package 'charades_pkg' build argument 'cmake_clean_cache' from command line to 'False'
[2.030s] Level 5:colcon.colcon_core.verb:set package 'charades_pkg' build argument 'cmake_clean_first' from command line to 'False'
[2.030s] Level 5:colcon.colcon_core.verb:set package 'charades_pkg' build argument 'cmake_force_configure' from command line to 'False'
[2.030s] Level 5:colcon.colcon_core.verb:set package 'charades_pkg' build argument 'ament_cmake_args' from command line to 'None'
[2.030s] Level 5:colcon.colcon_core.verb:set package 'charades_pkg' build argument 'catkin_cmake_args' from command line to 'None'
[2.031s] Level 5:colcon.colcon_core.verb:set package 'charades_pkg' build argument 'catkin_skip_building_tests' from command line to 'False'
[2.031s] DEBUG:colcon.colcon_core.verb:Building package 'charades_pkg' with the following arguments: {'ament_cmake_args': None, 'build_base': '/home/ubuntu/charades/build/charades_pkg', 'catkin_cmake_args': None, 'catkin_skip_building_tests': False, 'cmake_args': None, 'cmake_clean_cache': False, 'cmake_clean_first': False, 'cmake_force_configure': False, 'cmake_target': None, 'cmake_target_skip_unavailable': False, 'install_base': '/home/ubuntu/charades/install/charades_pkg', 'merge_install': False, 'path': '/home/ubuntu/charades/src/charades_pkg', 'symlink_install': True, 'test_result_base': None}
[2.031s] INFO:colcon.colcon_core.executor:Executing jobs using 'parallel' executor
[2.035s] DEBUG:colcon.colcon_parallel_executor.executor.parallel:run_until_complete
[2.035s] INFO:colcon.colcon_ros.task.ament_python.build:Building ROS package in '/home/ubuntu/charades/src/charades_pkg' with build type 'ament_python'
[2.036s] Level 1:colcon.colcon_core.shell:create_environment_hook('charades_pkg', 'ament_prefix_path')
[2.046s] INFO:colcon.colcon_core.plugin_system:Skipping extension 'colcon_core.shell.bat': Not used on non-Windows systems
[2.047s] INFO:colcon.colcon_core.shell:Creating environment hook '/home/ubuntu/charades/install/charades_pkg/share/charades_pkg/hook/ament_prefix_path.ps1'
[2.051s] INFO:colcon.colcon_core.shell:Creating environment descriptor '/home/ubuntu/charades/install/charades_pkg/share/charades_pkg/hook/ament_prefix_path.dsv'
[2.055s] INFO:colcon.colcon_core.shell:Creating environment hook '/home/ubuntu/charades/install/charades_pkg/share/charades_pkg/hook/ament_prefix_path.sh'
[2.059s] INFO:colcon.colcon_core.shell:Skip shell extension 'powershell' for command environment: Not usable outside of PowerShell
[2.059s] DEBUG:colcon.colcon_core.shell:Skip shell extension 'dsv' for command environment
[3.519s] INFO:colcon.colcon_core.task.python.build:Building Python package in '/home/ubuntu/charades/src/charades_pkg'
[3.520s] INFO:colcon.colcon_core.shell:Skip shell extension 'powershell' for command environment: Not usable outside of PowerShell
[3.520s] DEBUG:colcon.colcon_core.shell:Skip shell extension 'dsv' for command environment
[5.445s] DEBUG:colcon.colcon_core.event_handler.log_command:Invoking command in '/home/ubuntu/charades/build/charades_pkg': PYTHONPATH=/home/ubuntu/charades/build/charades_pkg/prefix_override:/usr/lib/python3/dist-packages/colcon_core/task/python/colcon_distutils_commands:/home/ubuntu/charades/install/charades_pkg/lib/python3.10/site-packages:${PYTHONPATH} /usr/bin/python3 -W ignore:setup.py install is deprecated setup.py develop --editable --build-directory /home/ubuntu/charades/build/charades_pkg/build --no-deps symlink_data
[7.925s] Level 1:colcon.colcon_core.shell:create_environment_hook('charades_pkg', 'pythonpath_develop')
[7.927s] INFO:colcon.colcon_core.shell:Creating environment hook '/home/ubuntu/charades/build/charades_pkg/share/charades_pkg/hook/pythonpath_develop.ps1'
[7.928s] DEBUG:colcon.colcon_core.event_handler.log_command:Invoked command in '/home/ubuntu/charades/build/charades_pkg' returned '0': PYTHONPATH=/home/ubuntu/charades/build/charades_pkg/prefix_override:/usr/lib/python3/dist-packages/colcon_core/task/python/colcon_distutils_commands:/home/ubuntu/charades/install/charades_pkg/lib/python3.10/site-packages:${PYTHONPATH} /usr/bin/python3 -W ignore:setup.py install is deprecated setup.py develop --editable --build-directory /home/ubuntu/charades/build/charades_pkg/build --no-deps symlink_data
[7.930s] INFO:colcon.colcon_core.shell:Creating environment descriptor '/home/ubuntu/charades/build/charades_pkg/share/charades_pkg/hook/pythonpath_develop.dsv'
[7.932s] INFO:colcon.colcon_core.shell:Creating environment hook '/home/ubuntu/charades/build/charades_pkg/share/charades_pkg/hook/pythonpath_develop.sh'
[7.947s] Level 1:colcon.colcon_core.environment:checking '/home/ubuntu/charades/install/charades_pkg' for CMake module files
[7.949s] Level 1:colcon.colcon_core.environment:checking '/home/ubuntu/charades/install/charades_pkg' for CMake config files
[7.953s] Level 1:colcon.colcon_core.environment:checking '/home/ubuntu/charades/install/charades_pkg/lib'
[7.954s] Level 1:colcon.colcon_core.environment:checking '/home/ubuntu/charades/install/charades_pkg/bin'
[7.955s] Level 1:colcon.colcon_core.environment:checking '/home/ubuntu/charades/install/charades_pkg/lib/pkgconfig/charades_pkg.pc'
[7.956s] Level 1:colcon.colcon_core.environment:checking '/home/ubuntu/charades/install/charades_pkg/lib/python3.10/site-packages'
[7.957s] Level 1:colcon.colcon_core.shell:create_environment_hook('charades_pkg', 'pythonpath')
[7.957s] INFO:colcon.colcon_core.shell:Creating environment hook '/home/ubuntu/charades/install/charades_pkg/share/charades_pkg/hook/pythonpath.ps1'
[7.960s] INFO:colcon.colcon_core.shell:Creating environment descriptor '/home/ubuntu/charades/install/charades_pkg/share/charades_pkg/hook/pythonpath.dsv'
[7.962s] INFO:colcon.colcon_core.shell:Creating environment hook '/home/ubuntu/charades/install/charades_pkg/share/charades_pkg/hook/pythonpath.sh'
[7.964s] Level 1:colcon.colcon_core.environment:checking '/home/ubuntu/charades/install/charades_pkg/bin'
[7.965s] Level 1:colcon.colcon_core.environment:create_environment_scripts_only(charades_pkg)
[7.966s] INFO:colcon.colcon_core.shell:Creating package script '/home/ubuntu/charades/install/charades_pkg/share/charades_pkg/package.ps1'
[7.971s] INFO:colcon.colcon_core.shell:Creating package descriptor '/home/ubuntu/charades/install/charades_pkg/share/charades_pkg/package.dsv'
[7.975s] INFO:colcon.colcon_core.shell:Creating package script '/home/ubuntu/charades/install/charades_pkg/share/charades_pkg/package.sh'
[7.978s] INFO:colcon.colcon_core.shell:Creating package script '/home/ubuntu/charades/install/charades_pkg/share/charades_pkg/package.bash'
[7.982s] INFO:colcon.colcon_core.shell:Creating package script '/home/ubuntu/charades/install/charades_pkg/share/charades_pkg/package.zsh'
[7.986s] Level 1:colcon.colcon_core.environment:create_file_with_runtime_dependencies(/home/ubuntu/charades/install/charades_pkg/share/colcon-core/packages/charades_pkg)
[7.987s] DEBUG:colcon.colcon_parallel_executor.executor.parallel:closing loop
[7.988s] DEBUG:colcon.colcon_parallel_executor.executor.parallel:loop closed
[7.988s] DEBUG:colcon.colcon_parallel_executor.executor.parallel:run_until_complete finished with '0'
[7.989s] DEBUG:colcon.colcon_core.event_reactor:joining thread
[8.016s] INFO:colcon.colcon_core.plugin_system:Skipping extension 'colcon_notification.desktop_notification.notify_send': Could not find 'notify-send'
[8.017s] INFO:colcon.colcon_core.plugin_system:Skipping extension 'colcon_notification.desktop_notification.terminal_notifier': Not used on non-Darwin systems
[8.017s] INFO:colcon.colcon_core.plugin_system:Skipping extension 'colcon_notification.desktop_notification.win32': Not used on non-Windows systems
[8.017s] INFO:colcon.colcon_notification.desktop_notification:Sending desktop notification using 'notify2'
[8.020s] DEBUG:colcon.colcon_notification.desktop_notification.notify2:Failed to initialize notify2: org.freedesktop.DBus.Error.ServiceUnknown: The name org.freedesktop.Notifications was not provided by any .service files
[8.021s] DEBUG:colcon.colcon_core.event_reactor:joined thread
[8.022s] INFO:colcon.colcon_core.shell:Creating prefix script '/home/ubuntu/charades/install/local_setup.ps1'
[8.026s] INFO:colcon.colcon_core.shell:Creating prefix util module '/home/ubuntu/charades/install/_local_setup_util_ps1.py'
[8.032s] INFO:colcon.colcon_core.shell:Creating prefix chain script '/home/ubuntu/charades/install/setup.ps1'
[8.040s] INFO:colcon.colcon_core.shell:Creating prefix script '/home/ubuntu/charades/install/local_setup.sh'
[8.043s] INFO:colcon.colcon_core.shell:Creating prefix util module '/home/ubuntu/charades/install/_local_setup_util_sh.py'
[8.046s] INFO:colcon.colcon_core.shell:Creating prefix chain script '/home/ubuntu/charades/install/setup.sh'
[8.050s] INFO:colcon.colcon_core.shell:Creating prefix script '/home/ubuntu/charades/install/local_setup.bash'
[8.053s] INFO:colcon.colcon_core.shell:Creating prefix chain script '/home/ubuntu/charades/install/setup.bash'
[8.058s] INFO:colcon.colcon_core.shell:Creating prefix script '/home/ubuntu/charades/install/local_setup.zsh'
[8.060s] INFO:colcon.colcon_core.shell:Creating prefix chain script '/home/ubuntu/charades/install/setup.zsh'
