[3.180s] Invoking command in '/home/ubuntu/charades/build/charades_pkg': PYTHONPATH=/home/ubuntu/charades/build/charades_pkg/prefix_override:/usr/lib/python3/dist-packages/colcon_core/task/python/colcon_distutils_commands:/home/ubuntu/charades/install/charades_pkg/lib/python3.10/site-packages:${PYTHONPATH} /usr/bin/python3 -W ignore:setup.py install is deprecated setup.py develop --editable --build-directory /home/ubuntu/charades/build/charades_pkg/build --no-deps symlink_data
[3.807s] Traceback (most recent call last):
[3.808s]   File "/home/ubuntu/charades/build/charades_pkg/setup.py", line 1, in <module>
[3.808s]     from setuptools import find_packages, setup
[3.809s]   File "/home/ubuntu/.local/lib/python3.10/site-packages/setuptools/__init__.py", line 16, in <module>
[3.809s]     import setuptools.version
[3.809s]   File "/home/ubuntu/.local/lib/python3.10/site-packages/setuptools/version.py", line 1, in <module>
[3.810s]     import pkg_resources
[3.810s]   File "/home/ubuntu/.local/lib/python3.10/site-packages/pkg_resources/__init__.py", line 3243, in <module>
[3.814s]     def _initialize_master_working_set():
[3.814s]   File "/home/ubuntu/.local/lib/python3.10/site-packages/pkg_resources/__init__.py", line 3226, in _call_aside
[3.815s]     f(*args, **kwargs)
[3.816s]   File "/home/ubuntu/.local/lib/python3.10/site-packages/pkg_resources/__init__.py", line 3255, in _initialize_master_working_set
[3.817s]     working_set = WorkingSet._build_master()
[3.818s]   File "/home/ubuntu/.local/lib/python3.10/site-packages/pkg_resources/__init__.py", line 559, in _build_master
[3.818s]     ws = cls()
[3.819s]   File "/home/ubuntu/.local/lib/python3.10/site-packages/pkg_resources/__init__.py", line 552, in __init__
[3.819s]     self.add_entry(entry)
[3.820s]   File "/home/ubuntu/.local/lib/python3.10/site-packages/pkg_resources/__init__.py", line 608, in add_entry
[3.820s]     for dist in find_distributions(entry, True):
[3.820s]   File "/home/ubuntu/.local/lib/python3.10/site-packages/pkg_resources/__init__.py", line 2063, in find_on_path
[3.820s]     for dist in factory(fullpath):
[3.821s]   File "/home/ubuntu/.local/lib/python3.10/site-packages/pkg_resources/__init__.py", line 2128, in distributions_from_metadata
[3.821s]     yield Distribution.from_location(
[3.822s]   File "/home/ubuntu/.local/lib/python3.10/site-packages/pkg_resources/__init__.py", line 2591, in from_location
[3.822s]     )._reload_version()
[3.823s]   File "/home/ubuntu/.local/lib/python3.10/site-packages/pkg_resources/__init__.py", line 2989, in _reload_version
[3.825s]     md_version = self._get_version()
[3.826s]   File "/home/ubuntu/.local/lib/python3.10/site-packages/pkg_resources/__init__.py", line 2770, in _get_version
[3.827s]     version = _version_from_file(lines)
[3.827s]   File "/home/ubuntu/.local/lib/python3.10/site-packages/pkg_resources/__init__.py", line 2554, in _version_from_file
[3.829s]     line = next(iter(version_lines), '')
[3.829s]   File "/home/ubuntu/.local/lib/python3.10/site-packages/pkg_resources/__init__.py", line 2765, in _get_metadata
[3.830s]     for line in self.get_metadata_lines(name):
[3.830s]   File "/home/ubuntu/.local/lib/python3.10/site-packages/pkg_resources/__init__.py", line 1417, in get_metadata_lines
[3.831s]     return yield_lines(self.get_metadata(name))
[3.831s]   File "/home/ubuntu/.local/lib/python3.10/site-packages/pkg_resources/__init__.py", line 1407, in get_metadata
[3.832s]     value = self._get(path)
[3.833s]   File "/home/ubuntu/.local/lib/python3.10/site-packages/pkg_resources/__init__.py", line 1612, in _get
[3.834s]     return stream.read()
[3.835s] KeyboardInterrupt
[3.930s] Invoked command in '/home/ubuntu/charades/build/charades_pkg' returned '-2': PYTHONPATH=/home/ubuntu/charades/build/charades_pkg/prefix_override:/usr/lib/python3/dist-packages/colcon_core/task/python/colcon_distutils_commands:/home/ubuntu/charades/install/charades_pkg/lib/python3.10/site-packages:${PYTHONPATH} /usr/bin/python3 -W ignore:setup.py install is deprecated setup.py develop --editable --build-directory /home/ubuntu/charades/build/charades_pkg/build --no-deps symlink_data
