[3.892s] Invoking command in '/home/ubuntu/charades/build/charades_pkg': PYTHONPATH=/home/ubuntu/charades/build/charades_pkg/prefix_override:/usr/lib/python3/dist-packages/colcon_core/task/python/colcon_distutils_commands:/home/ubuntu/charades/install/charades_pkg/lib/python3.10/site-packages:${PYTHONPATH} /usr/bin/python3 -W ignore:setup.py install is deprecated setup.py develop --editable --build-directory /home/ubuntu/charades/build/charades_pkg/build --no-deps symlink_data
[5.250s] running develop
[6.133s] running egg_info
[6.133s] creating charades_pkg.egg-info
[6.134s] writing charades_pkg.egg-info/PKG-INFO
[6.135s] writing dependency_links to charades_pkg.egg-info/dependency_links.txt
[6.136s] writing entry points to charades_pkg.egg-info/entry_points.txt
[6.137s] writing requirements to charades_pkg.egg-info/requires.txt
[6.137s] writing top-level names to charades_pkg.egg-info/top_level.txt
[6.138s] writing manifest file 'charades_pkg.egg-info/SOURCES.txt'
[6.146s] reading manifest file 'charades_pkg.egg-info/SOURCES.txt'
[6.149s] writing manifest file 'charades_pkg.egg-info/SOURCES.txt'
[6.154s] running build_ext
[6.155s] Creating /home/ubuntu/charades/install/charades_pkg/lib/python3.10/site-packages/charades-pkg.egg-link (link to .)
[6.158s] Installing charades_node script to /home/ubuntu/charades/install/charades_pkg/lib/charades_pkg
[6.160s] 
[6.161s] Installed /home/ubuntu/charades/build/charades_pkg
[6.161s] running symlink_data
[6.162s] creating /home/ubuntu/charades/install/charades_pkg/share/ament_index
[6.163s] creating /home/ubuntu/charades/install/charades_pkg/share/ament_index/resource_index
[6.164s] creating /home/ubuntu/charades/install/charades_pkg/share/ament_index/resource_index/packages
[6.165s] symbolically linking /home/ubuntu/charades/build/charades_pkg/resource/charades_pkg -> /home/ubuntu/charades/install/charades_pkg/share/ament_index/resource_index/packages
[6.166s] symbolically linking /home/ubuntu/charades/build/charades_pkg/package.xml -> /home/ubuntu/charades/install/charades_pkg/share/charades_pkg
[6.324s] Invoked command in '/home/ubuntu/charades/build/charades_pkg' returned '0': PYTHONPATH=/home/ubuntu/charades/build/charades_pkg/prefix_override:/usr/lib/python3/dist-packages/colcon_core/task/python/colcon_distutils_commands:/home/ubuntu/charades/install/charades_pkg/lib/python3.10/site-packages:${PYTHONPATH} /usr/bin/python3 -W ignore:setup.py install is deprecated setup.py develop --editable --build-directory /home/ubuntu/charades/build/charades_pkg/build --no-deps symlink_data
