[0.534s] DEBUG:colcon:Command line arguments: ['/usr/bin/colcon', 'build', '--symlink-install']
[0.535s] DEBUG:colcon:Parsed command line arguments: Namespace(log_base=None, log_level=None, verb_name='build', build_base='build', install_base='install', merge_install=False, symlink_install=True, test_result_base=None, continue_on_error=False, executor='parallel', parallel_workers=4, event_handlers=None, ignore_user_meta=False, metas=['./colcon.meta'], base_paths=['.'], packages_ignore=None, packages_ignore_regex=None, paths=None, packages_up_to=None, packages_up_to_regex=None, packages_above=None, packages_above_and_dependencies=None, packages_above_depth=None, packages_select_by_dep=None, packages_skip_by_dep=None, packages_skip_up_to=None, packages_select_build_failed=False, packages_skip_build_finished=False, packages_select_test_failures=False, packages_skip_test_passed=False, packages_select=None, packages_skip=None, packages_select_regex=None, packages_skip_regex=None, packages_start=None, packages_end=None, allow_overriding=[], cmake_args=None, cmake_target=None, cmake_target_skip_unavailable=False, cmake_clean_cache=False, cmake_clean_first=False, cmake_force_configure=False, ament_cmake_args=None, catkin_cmake_args=None, catkin_skip_building_tests=False, mixin_files=None, mixin=None, verb_parser=<colcon_mixin.mixin.mixin_argument.MixinArgumentDecorator object at 0xffffad10d5a0>, verb_extension=<colcon_core.verb.build.BuildVerb object at 0xffffad2e1cf0>, main=<bound method BuildVerb.main of <colcon_core.verb.build.BuildVerb object at 0xffffad2e1cf0>>, mixin_verb=('build',))
[1.508s] Level 1:colcon.colcon_core.package_discovery:discover_packages(colcon_meta) check parameters
[1.508s] Level 1:colcon.colcon_core.package_discovery:discover_packages(recursive) check parameters
[1.508s] Level 1:colcon.colcon_core.package_discovery:discover_packages(ignore) check parameters
[1.508s] Level 1:colcon.colcon_core.package_discovery:discover_packages(path) check parameters
[1.509s] Level 1:colcon.colcon_core.package_discovery:discover_packages(colcon_meta) discover
[1.509s] Level 1:colcon.colcon_core.package_discovery:discover_packages(recursive) discover
[1.509s] INFO:colcon.colcon_core.package_discovery:Crawling recursively for packages in '/home/ubuntu/charades'
[1.510s] Level 1:colcon.colcon_core.package_identification:_identify(.) by extensions ['ignore', 'ignore_ament_install']
[1.510s] Level 1:colcon.colcon_core.package_identification:_identify(.) by extension 'ignore'
[1.511s] Level 1:colcon.colcon_core.package_identification:_identify(.) by extension 'ignore_ament_install'
[1.511s] Level 1:colcon.colcon_core.package_identification:_identify(.) by extensions ['colcon_pkg']
[1.511s] Level 1:colcon.colcon_core.package_identification:_identify(.) by extension 'colcon_pkg'
[1.511s] Level 1:colcon.colcon_core.package_identification:_identify(.) by extensions ['colcon_meta']
[1.512s] Level 1:colcon.colcon_core.package_identification:_identify(.) by extension 'colcon_meta'
[1.512s] Level 1:colcon.colcon_core.package_identification:_identify(.) by extensions ['ros']
[1.512s] Level 1:colcon.colcon_core.package_identification:_identify(.) by extension 'ros'
[1.559s] Level 1:colcon.colcon_core.package_identification:_identify(.) by extensions ['cmake', 'python']
[1.560s] Level 1:colcon.colcon_core.package_identification:_identify(.) by extension 'cmake'
[1.560s] Level 1:colcon.colcon_core.package_identification:_identify(.) by extension 'python'
[1.561s] Level 1:colcon.colcon_core.package_identification:_identify(.) by extensions ['python_setup_py']
[1.561s] Level 1:colcon.colcon_core.package_identification:_identify(.) by extension 'python_setup_py'
[1.562s] Level 1:colcon.colcon_core.package_identification:_identify(build) by extensions ['ignore', 'ignore_ament_install']
[1.562s] Level 1:colcon.colcon_core.package_identification:_identify(build) by extension 'ignore'
[1.562s] Level 1:colcon.colcon_core.package_identification:_identify(build) ignored
[1.563s] Level 1:colcon.colcon_core.package_identification:_identify(install) by extensions ['ignore', 'ignore_ament_install']
[1.563s] Level 1:colcon.colcon_core.package_identification:_identify(install) by extension 'ignore'
[1.563s] Level 1:colcon.colcon_core.package_identification:_identify(install) ignored
[1.564s] Level 1:colcon.colcon_core.package_identification:_identify(log) by extensions ['ignore', 'ignore_ament_install']
[1.565s] Level 1:colcon.colcon_core.package_identification:_identify(log) by extension 'ignore'
[1.565s] Level 1:colcon.colcon_core.package_identification:_identify(log) ignored
[1.565s] Level 1:colcon.colcon_core.package_identification:_identify(src) by extensions ['ignore', 'ignore_ament_install']
[1.566s] Level 1:colcon.colcon_core.package_identification:_identify(src) by extension 'ignore'
[1.566s] Level 1:colcon.colcon_core.package_identification:_identify(src) by extension 'ignore_ament_install'
[1.567s] Level 1:colcon.colcon_core.package_identification:_identify(src) by extensions ['colcon_pkg']
[1.567s] Level 1:colcon.colcon_core.package_identification:_identify(src) by extension 'colcon_pkg'
[1.567s] Level 1:colcon.colcon_core.package_identification:_identify(src) by extensions ['colcon_meta']
[1.568s] Level 1:colcon.colcon_core.package_identification:_identify(src) by extension 'colcon_meta'
[1.568s] Level 1:colcon.colcon_core.package_identification:_identify(src) by extensions ['ros']
[1.568s] Level 1:colcon.colcon_core.package_identification:_identify(src) by extension 'ros'
[1.569s] Level 1:colcon.colcon_core.package_identification:_identify(src) by extensions ['cmake', 'python']
[1.569s] Level 1:colcon.colcon_core.package_identification:_identify(src) by extension 'cmake'
[1.569s] Level 1:colcon.colcon_core.package_identification:_identify(src) by extension 'python'
[1.569s] Level 1:colcon.colcon_core.package_identification:_identify(src) by extensions ['python_setup_py']
[1.569s] Level 1:colcon.colcon_core.package_identification:_identify(src) by extension 'python_setup_py'
[1.570s] Level 1:colcon.colcon_core.package_identification:_identify(src/charades_pkg) by extensions ['ignore', 'ignore_ament_install']
[1.571s] Level 1:colcon.colcon_core.package_identification:_identify(src/charades_pkg) by extension 'ignore'
[1.571s] Level 1:colcon.colcon_core.package_identification:_identify(src/charades_pkg) by extension 'ignore_ament_install'
[1.571s] Level 1:colcon.colcon_core.package_identification:_identify(src/charades_pkg) by extensions ['colcon_pkg']
[1.571s] Level 1:colcon.colcon_core.package_identification:_identify(src/charades_pkg) by extension 'colcon_pkg'
[1.572s] Level 1:colcon.colcon_core.package_identification:_identify(src/charades_pkg) by extensions ['colcon_meta']
[1.572s] Level 1:colcon.colcon_core.package_identification:_identify(src/charades_pkg) by extension 'colcon_meta'
[1.572s] Level 1:colcon.colcon_core.package_identification:_identify(src/charades_pkg) by extensions ['ros']
[1.572s] Level 1:colcon.colcon_core.package_identification:_identify(src/charades_pkg) by extension 'ros'
[1.581s] DEBUG:colcon.colcon_core.package_identification:Package 'src/charades_pkg' with type 'ros.ament_python' and name 'charades_pkg'
[1.581s] Level 1:colcon.colcon_core.package_discovery:discover_packages(recursive) using defaults
[1.582s] Level 1:colcon.colcon_core.package_discovery:discover_packages(ignore) discover
[1.582s] Level 1:colcon.colcon_core.package_discovery:discover_packages(ignore) using defaults
[1.582s] Level 1:colcon.colcon_core.package_discovery:discover_packages(path) discover
[1.582s] Level 1:colcon.colcon_core.package_discovery:discover_packages(path) using defaults
[1.712s] Level 1:colcon.colcon_core.package_discovery:discover_packages(prefix_path) check parameters
[1.712s] Level 1:colcon.colcon_core.package_discovery:discover_packages(prefix_path) discover
[1.721s] DEBUG:colcon.colcon_installed_package_information.package_discovery:Found 1 installed packages in /home/ubuntu/charades/install
[1.732s] DEBUG:colcon.colcon_installed_package_information.package_discovery:Found 333 installed packages in /opt/ros/humble
[1.740s] Level 1:colcon.colcon_core.package_discovery:discover_packages(prefix_path) using defaults
[2.005s] Level 5:colcon.colcon_core.verb:set package 'charades_pkg' build argument 'cmake_args' from command line to 'None'
[2.005s] Level 5:colcon.colcon_core.verb:set package 'charades_pkg' build argument 'cmake_target' from command line to 'None'
[2.006s] Level 5:colcon.colcon_core.verb:set package 'charades_pkg' build argument 'cmake_target_skip_unavailable' from command line to 'False'
[2.006s] Level 5:colcon.colcon_core.verb:set package 'charades_pkg' build argument 'cmake_clean_cache' from command line to 'False'
[2.006s] Level 5:colcon.colcon_core.verb:set package 'charades_pkg' build argument 'cmake_clean_first' from command line to 'False'
[2.006s] Level 5:colcon.colcon_core.verb:set package 'charades_pkg' build argument 'cmake_force_configure' from command line to 'False'
[2.006s] Level 5:colcon.colcon_core.verb:set package 'charades_pkg' build argument 'ament_cmake_args' from command line to 'None'
[2.006s] Level 5:colcon.colcon_core.verb:set package 'charades_pkg' build argument 'catkin_cmake_args' from command line to 'None'
[2.006s] Level 5:colcon.colcon_core.verb:set package 'charades_pkg' build argument 'catkin_skip_building_tests' from command line to 'False'
[2.007s] DEBUG:colcon.colcon_core.verb:Building package 'charades_pkg' with the following arguments: {'ament_cmake_args': None, 'build_base': '/home/ubuntu/charades/build/charades_pkg', 'catkin_cmake_args': None, 'catkin_skip_building_tests': False, 'cmake_args': None, 'cmake_clean_cache': False, 'cmake_clean_first': False, 'cmake_force_configure': False, 'cmake_target': None, 'cmake_target_skip_unavailable': False, 'install_base': '/home/ubuntu/charades/install/charades_pkg', 'merge_install': False, 'path': '/home/ubuntu/charades/src/charades_pkg', 'symlink_install': True, 'test_result_base': None}
[2.007s] INFO:colcon.colcon_core.executor:Executing jobs using 'parallel' executor
[2.010s] DEBUG:colcon.colcon_parallel_executor.executor.parallel:run_until_complete
[2.011s] INFO:colcon.colcon_ros.task.ament_python.build:Building ROS package in '/home/ubuntu/charades/src/charades_pkg' with build type 'ament_python'
[2.012s] Level 1:colcon.colcon_core.shell:create_environment_hook('charades_pkg', 'ament_prefix_path')
[2.024s] INFO:colcon.colcon_core.plugin_system:Skipping extension 'colcon_core.shell.bat': Not used on non-Windows systems
[2.025s] INFO:colcon.colcon_core.shell:Creating environment hook '/home/ubuntu/charades/install/charades_pkg/share/charades_pkg/hook/ament_prefix_path.ps1'
[2.027s] INFO:colcon.colcon_core.shell:Creating environment descriptor '/home/ubuntu/charades/install/charades_pkg/share/charades_pkg/hook/ament_prefix_path.dsv'
[2.030s] INFO:colcon.colcon_core.shell:Creating environment hook '/home/ubuntu/charades/install/charades_pkg/share/charades_pkg/hook/ament_prefix_path.sh'
[2.034s] INFO:colcon.colcon_core.shell:Skip shell extension 'powershell' for command environment: Not usable outside of PowerShell
[2.035s] DEBUG:colcon.colcon_core.shell:Skip shell extension 'dsv' for command environment
[3.443s] INFO:colcon.colcon_core.task.python.build:Building Python package in '/home/ubuntu/charades/src/charades_pkg'
[3.444s] INFO:colcon.colcon_core.shell:Skip shell extension 'powershell' for command environment: Not usable outside of PowerShell
[3.444s] DEBUG:colcon.colcon_core.shell:Skip shell extension 'dsv' for command environment
[5.356s] DEBUG:colcon.colcon_core.event_handler.log_command:Invoking command in '/home/ubuntu/charades/build/charades_pkg': PYTHONPATH=/home/ubuntu/charades/build/charades_pkg/prefix_override:/usr/lib/python3/dist-packages/colcon_core/task/python/colcon_distutils_commands:/home/ubuntu/charades/install/charades_pkg/lib/python3.10/site-packages:${PYTHONPATH} /usr/bin/python3 -W ignore:setup.py install is deprecated setup.py develop --editable --build-directory /home/ubuntu/charades/build/charades_pkg/build --no-deps symlink_data
[7.832s] Level 1:colcon.colcon_core.shell:create_environment_hook('charades_pkg', 'pythonpath_develop')
[7.833s] INFO:colcon.colcon_core.shell:Creating environment hook '/home/ubuntu/charades/build/charades_pkg/share/charades_pkg/hook/pythonpath_develop.ps1'
[7.835s] DEBUG:colcon.colcon_core.event_handler.log_command:Invoked command in '/home/ubuntu/charades/build/charades_pkg' returned '0': PYTHONPATH=/home/ubuntu/charades/build/charades_pkg/prefix_override:/usr/lib/python3/dist-packages/colcon_core/task/python/colcon_distutils_commands:/home/ubuntu/charades/install/charades_pkg/lib/python3.10/site-packages:${PYTHONPATH} /usr/bin/python3 -W ignore:setup.py install is deprecated setup.py develop --editable --build-directory /home/ubuntu/charades/build/charades_pkg/build --no-deps symlink_data
[7.837s] INFO:colcon.colcon_core.shell:Creating environment descriptor '/home/ubuntu/charades/build/charades_pkg/share/charades_pkg/hook/pythonpath_develop.dsv'
[7.839s] INFO:colcon.colcon_core.shell:Creating environment hook '/home/ubuntu/charades/build/charades_pkg/share/charades_pkg/hook/pythonpath_develop.sh'
[7.859s] Level 1:colcon.colcon_core.environment:checking '/home/ubuntu/charades/install/charades_pkg' for CMake module files
[7.861s] Level 1:colcon.colcon_core.environment:checking '/home/ubuntu/charades/install/charades_pkg' for CMake config files
[7.864s] Level 1:colcon.colcon_core.environment:checking '/home/ubuntu/charades/install/charades_pkg/lib'
[7.865s] Level 1:colcon.colcon_core.environment:checking '/home/ubuntu/charades/install/charades_pkg/bin'
[7.866s] Level 1:colcon.colcon_core.environment:checking '/home/ubuntu/charades/install/charades_pkg/lib/pkgconfig/charades_pkg.pc'
[7.867s] Level 1:colcon.colcon_core.environment:checking '/home/ubuntu/charades/install/charades_pkg/lib/python3.10/site-packages'
[7.867s] Level 1:colcon.colcon_core.shell:create_environment_hook('charades_pkg', 'pythonpath')
[7.868s] INFO:colcon.colcon_core.shell:Creating environment hook '/home/ubuntu/charades/install/charades_pkg/share/charades_pkg/hook/pythonpath.ps1'
[7.873s] INFO:colcon.colcon_core.shell:Creating environment descriptor '/home/ubuntu/charades/install/charades_pkg/share/charades_pkg/hook/pythonpath.dsv'
[7.876s] INFO:colcon.colcon_core.shell:Creating environment hook '/home/ubuntu/charades/install/charades_pkg/share/charades_pkg/hook/pythonpath.sh'
[7.879s] Level 1:colcon.colcon_core.environment:checking '/home/ubuntu/charades/install/charades_pkg/bin'
[7.880s] Level 1:colcon.colcon_core.environment:create_environment_scripts_only(charades_pkg)
[7.881s] INFO:colcon.colcon_core.shell:Creating package script '/home/ubuntu/charades/install/charades_pkg/share/charades_pkg/package.ps1'
[7.885s] INFO:colcon.colcon_core.shell:Creating package descriptor '/home/ubuntu/charades/install/charades_pkg/share/charades_pkg/package.dsv'
[7.888s] INFO:colcon.colcon_core.shell:Creating package script '/home/ubuntu/charades/install/charades_pkg/share/charades_pkg/package.sh'
[7.892s] INFO:colcon.colcon_core.shell:Creating package script '/home/ubuntu/charades/install/charades_pkg/share/charades_pkg/package.bash'
[7.895s] INFO:colcon.colcon_core.shell:Creating package script '/home/ubuntu/charades/install/charades_pkg/share/charades_pkg/package.zsh'
[7.899s] Level 1:colcon.colcon_core.environment:create_file_with_runtime_dependencies(/home/ubuntu/charades/install/charades_pkg/share/colcon-core/packages/charades_pkg)
[7.901s] DEBUG:colcon.colcon_parallel_executor.executor.parallel:closing loop
[7.902s] DEBUG:colcon.colcon_parallel_executor.executor.parallel:loop closed
[7.903s] DEBUG:colcon.colcon_parallel_executor.executor.parallel:run_until_complete finished with '0'
[7.904s] DEBUG:colcon.colcon_core.event_reactor:joining thread
[7.927s] INFO:colcon.colcon_core.plugin_system:Skipping extension 'colcon_notification.desktop_notification.notify_send': Could not find 'notify-send'
[7.928s] INFO:colcon.colcon_core.plugin_system:Skipping extension 'colcon_notification.desktop_notification.terminal_notifier': Not used on non-Darwin systems
[7.928s] INFO:colcon.colcon_core.plugin_system:Skipping extension 'colcon_notification.desktop_notification.win32': Not used on non-Windows systems
[7.928s] INFO:colcon.colcon_notification.desktop_notification:Sending desktop notification using 'notify2'
[7.932s] DEBUG:colcon.colcon_notification.desktop_notification.notify2:Failed to initialize notify2: org.freedesktop.DBus.Error.ServiceUnknown: The name org.freedesktop.Notifications was not provided by any .service files
[7.932s] DEBUG:colcon.colcon_core.event_reactor:joined thread
[7.933s] INFO:colcon.colcon_core.shell:Creating prefix script '/home/ubuntu/charades/install/local_setup.ps1'
[7.940s] INFO:colcon.colcon_core.shell:Creating prefix util module '/home/ubuntu/charades/install/_local_setup_util_ps1.py'
[7.948s] INFO:colcon.colcon_core.shell:Creating prefix chain script '/home/ubuntu/charades/install/setup.ps1'
[7.954s] INFO:colcon.colcon_core.shell:Creating prefix script '/home/ubuntu/charades/install/local_setup.sh'
[7.957s] INFO:colcon.colcon_core.shell:Creating prefix util module '/home/ubuntu/charades/install/_local_setup_util_sh.py'
[7.960s] INFO:colcon.colcon_core.shell:Creating prefix chain script '/home/ubuntu/charades/install/setup.sh'
[7.966s] INFO:colcon.colcon_core.shell:Creating prefix script '/home/ubuntu/charades/install/local_setup.bash'
[7.970s] INFO:colcon.colcon_core.shell:Creating prefix chain script '/home/ubuntu/charades/install/setup.bash'
[7.975s] INFO:colcon.colcon_core.shell:Creating prefix script '/home/ubuntu/charades/install/local_setup.zsh'
[7.978s] INFO:colcon.colcon_core.shell:Creating prefix chain script '/home/ubuntu/charades/install/setup.zsh'
