[0.537s] DEBUG:colcon:Command line arguments: ['/usr/bin/colcon', 'build', '--symlink-install']
[0.537s] DEBUG:colcon:Parsed command line arguments: Namespace(log_base=None, log_level=None, verb_name='build', build_base='build', install_base='install', merge_install=False, symlink_install=True, test_result_base=None, continue_on_error=False, executor='parallel', parallel_workers=4, event_handlers=None, ignore_user_meta=False, metas=['./colcon.meta'], base_paths=['.'], packages_ignore=None, packages_ignore_regex=None, paths=None, packages_up_to=None, packages_up_to_regex=None, packages_above=None, packages_above_and_dependencies=None, packages_above_depth=None, packages_select_by_dep=None, packages_skip_by_dep=None, packages_skip_up_to=None, packages_select_build_failed=False, packages_skip_build_finished=False, packages_select_test_failures=False, packages_skip_test_passed=False, packages_select=None, packages_skip=None, packages_select_regex=None, packages_skip_regex=None, packages_start=None, packages_end=None, allow_overriding=[], cmake_args=None, cmake_target=None, cmake_target_skip_unavailable=False, cmake_clean_cache=False, cmake_clean_first=False, cmake_force_configure=False, ament_cmake_args=None, catkin_cmake_args=None, catkin_skip_building_tests=False, mixin_files=None, mixin=None, verb_parser=<colcon_mixin.mixin.mixin_argument.MixinArgumentDecorator object at 0xffffb10ad5a0>, verb_extension=<colcon_core.verb.build.BuildVerb object at 0xffffb1281cf0>, main=<bound method BuildVerb.main of <colcon_core.verb.build.BuildVerb object at 0xffffb1281cf0>>, mixin_verb=('build',))
[1.517s] Level 1:colcon.colcon_core.package_discovery:discover_packages(colcon_meta) check parameters
[1.517s] Level 1:colcon.colcon_core.package_discovery:discover_packages(recursive) check parameters
[1.517s] Level 1:colcon.colcon_core.package_discovery:discover_packages(ignore) check parameters
[1.518s] Level 1:colcon.colcon_core.package_discovery:discover_packages(path) check parameters
[1.518s] Level 1:colcon.colcon_core.package_discovery:discover_packages(colcon_meta) discover
[1.518s] Level 1:colcon.colcon_core.package_discovery:discover_packages(recursive) discover
[1.518s] INFO:colcon.colcon_core.package_discovery:Crawling recursively for packages in '/home/ubuntu/charades'
[1.519s] Level 1:colcon.colcon_core.package_identification:_identify(.) by extensions ['ignore', 'ignore_ament_install']
[1.519s] Level 1:colcon.colcon_core.package_identification:_identify(.) by extension 'ignore'
[1.519s] Level 1:colcon.colcon_core.package_identification:_identify(.) by extension 'ignore_ament_install'
[1.519s] Level 1:colcon.colcon_core.package_identification:_identify(.) by extensions ['colcon_pkg']
[1.519s] Level 1:colcon.colcon_core.package_identification:_identify(.) by extension 'colcon_pkg'
[1.520s] Level 1:colcon.colcon_core.package_identification:_identify(.) by extensions ['colcon_meta']
[1.520s] Level 1:colcon.colcon_core.package_identification:_identify(.) by extension 'colcon_meta'
[1.520s] Level 1:colcon.colcon_core.package_identification:_identify(.) by extensions ['ros']
[1.520s] Level 1:colcon.colcon_core.package_identification:_identify(.) by extension 'ros'
[1.571s] Level 1:colcon.colcon_core.package_identification:_identify(.) by extensions ['cmake', 'python']
[1.571s] Level 1:colcon.colcon_core.package_identification:_identify(.) by extension 'cmake'
[1.571s] Level 1:colcon.colcon_core.package_identification:_identify(.) by extension 'python'
[1.571s] Level 1:colcon.colcon_core.package_identification:_identify(.) by extensions ['python_setup_py']
[1.571s] Level 1:colcon.colcon_core.package_identification:_identify(.) by extension 'python_setup_py'
[1.572s] Level 1:colcon.colcon_core.package_identification:_identify(build) by extensions ['ignore', 'ignore_ament_install']
[1.572s] Level 1:colcon.colcon_core.package_identification:_identify(build) by extension 'ignore'
[1.573s] Level 1:colcon.colcon_core.package_identification:_identify(build) ignored
[1.573s] Level 1:colcon.colcon_core.package_identification:_identify(install) by extensions ['ignore', 'ignore_ament_install']
[1.573s] Level 1:colcon.colcon_core.package_identification:_identify(install) by extension 'ignore'
[1.574s] Level 1:colcon.colcon_core.package_identification:_identify(install) ignored
[1.575s] Level 1:colcon.colcon_core.package_identification:_identify(log) by extensions ['ignore', 'ignore_ament_install']
[1.575s] Level 1:colcon.colcon_core.package_identification:_identify(log) by extension 'ignore'
[1.575s] Level 1:colcon.colcon_core.package_identification:_identify(log) ignored
[1.576s] Level 1:colcon.colcon_core.package_identification:_identify(src) by extensions ['ignore', 'ignore_ament_install']
[1.576s] Level 1:colcon.colcon_core.package_identification:_identify(src) by extension 'ignore'
[1.577s] Level 1:colcon.colcon_core.package_identification:_identify(src) by extension 'ignore_ament_install'
[1.577s] Level 1:colcon.colcon_core.package_identification:_identify(src) by extensions ['colcon_pkg']
[1.577s] Level 1:colcon.colcon_core.package_identification:_identify(src) by extension 'colcon_pkg'
[1.577s] Level 1:colcon.colcon_core.package_identification:_identify(src) by extensions ['colcon_meta']
[1.577s] Level 1:colcon.colcon_core.package_identification:_identify(src) by extension 'colcon_meta'
[1.578s] Level 1:colcon.colcon_core.package_identification:_identify(src) by extensions ['ros']
[1.578s] Level 1:colcon.colcon_core.package_identification:_identify(src) by extension 'ros'
[1.578s] Level 1:colcon.colcon_core.package_identification:_identify(src) by extensions ['cmake', 'python']
[1.578s] Level 1:colcon.colcon_core.package_identification:_identify(src) by extension 'cmake'
[1.578s] Level 1:colcon.colcon_core.package_identification:_identify(src) by extension 'python'
[1.578s] Level 1:colcon.colcon_core.package_identification:_identify(src) by extensions ['python_setup_py']
[1.579s] Level 1:colcon.colcon_core.package_identification:_identify(src) by extension 'python_setup_py'
[1.579s] Level 1:colcon.colcon_core.package_identification:_identify(src/charades_pkg) by extensions ['ignore', 'ignore_ament_install']
[1.579s] Level 1:colcon.colcon_core.package_identification:_identify(src/charades_pkg) by extension 'ignore'
[1.580s] Level 1:colcon.colcon_core.package_identification:_identify(src/charades_pkg) by extension 'ignore_ament_install'
[1.580s] Level 1:colcon.colcon_core.package_identification:_identify(src/charades_pkg) by extensions ['colcon_pkg']
[1.580s] Level 1:colcon.colcon_core.package_identification:_identify(src/charades_pkg) by extension 'colcon_pkg'
[1.580s] Level 1:colcon.colcon_core.package_identification:_identify(src/charades_pkg) by extensions ['colcon_meta']
[1.580s] Level 1:colcon.colcon_core.package_identification:_identify(src/charades_pkg) by extension 'colcon_meta'
[1.581s] Level 1:colcon.colcon_core.package_identification:_identify(src/charades_pkg) by extensions ['ros']
[1.581s] Level 1:colcon.colcon_core.package_identification:_identify(src/charades_pkg) by extension 'ros'
[1.592s] DEBUG:colcon.colcon_core.package_identification:Package 'src/charades_pkg' with type 'ros.ament_python' and name 'charades_pkg'
[1.593s] Level 1:colcon.colcon_core.package_discovery:discover_packages(recursive) using defaults
[1.593s] Level 1:colcon.colcon_core.package_discovery:discover_packages(ignore) discover
[1.593s] Level 1:colcon.colcon_core.package_discovery:discover_packages(ignore) using defaults
[1.593s] Level 1:colcon.colcon_core.package_discovery:discover_packages(path) discover
[1.593s] Level 1:colcon.colcon_core.package_discovery:discover_packages(path) using defaults
[1.722s] Level 1:colcon.colcon_core.package_discovery:discover_packages(prefix_path) check parameters
[1.722s] Level 1:colcon.colcon_core.package_discovery:discover_packages(prefix_path) discover
[1.730s] DEBUG:colcon.colcon_installed_package_information.package_discovery:Found 1 installed packages in /home/ubuntu/charades/install
[1.741s] DEBUG:colcon.colcon_installed_package_information.package_discovery:Found 333 installed packages in /opt/ros/humble
[1.749s] Level 1:colcon.colcon_core.package_discovery:discover_packages(prefix_path) using defaults
[1.959s] Level 5:colcon.colcon_core.verb:set package 'charades_pkg' build argument 'cmake_args' from command line to 'None'
[1.960s] Level 5:colcon.colcon_core.verb:set package 'charades_pkg' build argument 'cmake_target' from command line to 'None'
[1.960s] Level 5:colcon.colcon_core.verb:set package 'charades_pkg' build argument 'cmake_target_skip_unavailable' from command line to 'False'
[1.960s] Level 5:colcon.colcon_core.verb:set package 'charades_pkg' build argument 'cmake_clean_cache' from command line to 'False'
[1.960s] Level 5:colcon.colcon_core.verb:set package 'charades_pkg' build argument 'cmake_clean_first' from command line to 'False'
[1.960s] Level 5:colcon.colcon_core.verb:set package 'charades_pkg' build argument 'cmake_force_configure' from command line to 'False'
[1.960s] Level 5:colcon.colcon_core.verb:set package 'charades_pkg' build argument 'ament_cmake_args' from command line to 'None'
[1.960s] Level 5:colcon.colcon_core.verb:set package 'charades_pkg' build argument 'catkin_cmake_args' from command line to 'None'
[1.961s] Level 5:colcon.colcon_core.verb:set package 'charades_pkg' build argument 'catkin_skip_building_tests' from command line to 'False'
[1.961s] DEBUG:colcon.colcon_core.verb:Building package 'charades_pkg' with the following arguments: {'ament_cmake_args': None, 'build_base': '/home/ubuntu/charades/build/charades_pkg', 'catkin_cmake_args': None, 'catkin_skip_building_tests': False, 'cmake_args': None, 'cmake_clean_cache': False, 'cmake_clean_first': False, 'cmake_force_configure': False, 'cmake_target': None, 'cmake_target_skip_unavailable': False, 'install_base': '/home/ubuntu/charades/install/charades_pkg', 'merge_install': False, 'path': '/home/ubuntu/charades/src/charades_pkg', 'symlink_install': True, 'test_result_base': None}
[1.961s] INFO:colcon.colcon_core.executor:Executing jobs using 'parallel' executor
[1.965s] DEBUG:colcon.colcon_parallel_executor.executor.parallel:run_until_complete
[1.966s] INFO:colcon.colcon_ros.task.ament_python.build:Building ROS package in '/home/ubuntu/charades/src/charades_pkg' with build type 'ament_python'
[1.966s] Level 1:colcon.colcon_core.shell:create_environment_hook('charades_pkg', 'ament_prefix_path')
[1.977s] INFO:colcon.colcon_core.plugin_system:Skipping extension 'colcon_core.shell.bat': Not used on non-Windows systems
[1.978s] INFO:colcon.colcon_core.shell:Creating environment hook '/home/ubuntu/charades/install/charades_pkg/share/charades_pkg/hook/ament_prefix_path.ps1'
[1.981s] INFO:colcon.colcon_core.shell:Creating environment descriptor '/home/ubuntu/charades/install/charades_pkg/share/charades_pkg/hook/ament_prefix_path.dsv'
[1.983s] INFO:colcon.colcon_core.shell:Creating environment hook '/home/ubuntu/charades/install/charades_pkg/share/charades_pkg/hook/ament_prefix_path.sh'
[1.987s] INFO:colcon.colcon_core.shell:Skip shell extension 'powershell' for command environment: Not usable outside of PowerShell
[1.988s] DEBUG:colcon.colcon_core.shell:Skip shell extension 'dsv' for command environment
[3.396s] INFO:colcon.colcon_core.task.python.build:Building Python package in '/home/ubuntu/charades/src/charades_pkg'
[3.397s] INFO:colcon.colcon_core.shell:Skip shell extension 'powershell' for command environment: Not usable outside of PowerShell
[3.398s] DEBUG:colcon.colcon_core.shell:Skip shell extension 'dsv' for command environment
[5.314s] DEBUG:colcon.colcon_core.event_handler.log_command:Invoking command in '/home/ubuntu/charades/build/charades_pkg': PYTHONPATH=/home/ubuntu/charades/build/charades_pkg/prefix_override:/usr/lib/python3/dist-packages/colcon_core/task/python/colcon_distutils_commands:/home/ubuntu/charades/install/charades_pkg/lib/python3.10/site-packages:${PYTHONPATH} /usr/bin/python3 -W ignore:setup.py install is deprecated setup.py develop --editable --build-directory /home/ubuntu/charades/build/charades_pkg/build --no-deps symlink_data
[8.015s] Level 1:colcon.colcon_core.shell:create_environment_hook('charades_pkg', 'pythonpath_develop')
[8.016s] INFO:colcon.colcon_core.shell:Creating environment hook '/home/ubuntu/charades/build/charades_pkg/share/charades_pkg/hook/pythonpath_develop.ps1'
[8.018s] DEBUG:colcon.colcon_core.event_handler.log_command:Invoked command in '/home/ubuntu/charades/build/charades_pkg' returned '0': PYTHONPATH=/home/ubuntu/charades/build/charades_pkg/prefix_override:/usr/lib/python3/dist-packages/colcon_core/task/python/colcon_distutils_commands:/home/ubuntu/charades/install/charades_pkg/lib/python3.10/site-packages:${PYTHONPATH} /usr/bin/python3 -W ignore:setup.py install is deprecated setup.py develop --editable --build-directory /home/ubuntu/charades/build/charades_pkg/build --no-deps symlink_data
[8.020s] INFO:colcon.colcon_core.shell:Creating environment descriptor '/home/ubuntu/charades/build/charades_pkg/share/charades_pkg/hook/pythonpath_develop.dsv'
[8.023s] INFO:colcon.colcon_core.shell:Creating environment hook '/home/ubuntu/charades/build/charades_pkg/share/charades_pkg/hook/pythonpath_develop.sh'
[8.037s] Level 1:colcon.colcon_core.environment:checking '/home/ubuntu/charades/install/charades_pkg' for CMake module files
[8.039s] Level 1:colcon.colcon_core.environment:checking '/home/ubuntu/charades/install/charades_pkg' for CMake config files
[8.042s] Level 1:colcon.colcon_core.environment:checking '/home/ubuntu/charades/install/charades_pkg/lib'
[8.043s] Level 1:colcon.colcon_core.environment:checking '/home/ubuntu/charades/install/charades_pkg/bin'
[8.043s] Level 1:colcon.colcon_core.environment:checking '/home/ubuntu/charades/install/charades_pkg/lib/pkgconfig/charades_pkg.pc'
[8.044s] Level 1:colcon.colcon_core.environment:checking '/home/ubuntu/charades/install/charades_pkg/lib/python3.10/site-packages'
[8.044s] Level 1:colcon.colcon_core.shell:create_environment_hook('charades_pkg', 'pythonpath')
[8.045s] INFO:colcon.colcon_core.shell:Creating environment hook '/home/ubuntu/charades/install/charades_pkg/share/charades_pkg/hook/pythonpath.ps1'
[8.048s] INFO:colcon.colcon_core.shell:Creating environment descriptor '/home/ubuntu/charades/install/charades_pkg/share/charades_pkg/hook/pythonpath.dsv'
[8.049s] INFO:colcon.colcon_core.shell:Creating environment hook '/home/ubuntu/charades/install/charades_pkg/share/charades_pkg/hook/pythonpath.sh'
[8.053s] Level 1:colcon.colcon_core.environment:checking '/home/ubuntu/charades/install/charades_pkg/bin'
[8.053s] Level 1:colcon.colcon_core.environment:create_environment_scripts_only(charades_pkg)
[8.055s] INFO:colcon.colcon_core.shell:Creating package script '/home/ubuntu/charades/install/charades_pkg/share/charades_pkg/package.ps1'
[8.061s] INFO:colcon.colcon_core.shell:Creating package descriptor '/home/ubuntu/charades/install/charades_pkg/share/charades_pkg/package.dsv'
[8.064s] INFO:colcon.colcon_core.shell:Creating package script '/home/ubuntu/charades/install/charades_pkg/share/charades_pkg/package.sh'
[8.068s] INFO:colcon.colcon_core.shell:Creating package script '/home/ubuntu/charades/install/charades_pkg/share/charades_pkg/package.bash'
[8.071s] INFO:colcon.colcon_core.shell:Creating package script '/home/ubuntu/charades/install/charades_pkg/share/charades_pkg/package.zsh'
[8.074s] Level 1:colcon.colcon_core.environment:create_file_with_runtime_dependencies(/home/ubuntu/charades/install/charades_pkg/share/colcon-core/packages/charades_pkg)
[8.076s] DEBUG:colcon.colcon_parallel_executor.executor.parallel:closing loop
[8.077s] DEBUG:colcon.colcon_parallel_executor.executor.parallel:loop closed
[8.078s] DEBUG:colcon.colcon_parallel_executor.executor.parallel:run_until_complete finished with '0'
[8.078s] DEBUG:colcon.colcon_core.event_reactor:joining thread
[8.101s] INFO:colcon.colcon_core.plugin_system:Skipping extension 'colcon_notification.desktop_notification.notify_send': Could not find 'notify-send'
[8.101s] INFO:colcon.colcon_core.plugin_system:Skipping extension 'colcon_notification.desktop_notification.terminal_notifier': Not used on non-Darwin systems
[8.102s] INFO:colcon.colcon_core.plugin_system:Skipping extension 'colcon_notification.desktop_notification.win32': Not used on non-Windows systems
[8.102s] INFO:colcon.colcon_notification.desktop_notification:Sending desktop notification using 'notify2'
[8.105s] DEBUG:colcon.colcon_notification.desktop_notification.notify2:Failed to initialize notify2: org.freedesktop.DBus.Error.ServiceUnknown: The name org.freedesktop.Notifications was not provided by any .service files
[8.106s] DEBUG:colcon.colcon_core.event_reactor:joined thread
[8.107s] INFO:colcon.colcon_core.shell:Creating prefix script '/home/ubuntu/charades/install/local_setup.ps1'
[8.112s] INFO:colcon.colcon_core.shell:Creating prefix util module '/home/ubuntu/charades/install/_local_setup_util_ps1.py'
[8.120s] INFO:colcon.colcon_core.shell:Creating prefix chain script '/home/ubuntu/charades/install/setup.ps1'
[8.126s] INFO:colcon.colcon_core.shell:Creating prefix script '/home/ubuntu/charades/install/local_setup.sh'
[8.129s] INFO:colcon.colcon_core.shell:Creating prefix util module '/home/ubuntu/charades/install/_local_setup_util_sh.py'
[8.133s] INFO:colcon.colcon_core.shell:Creating prefix chain script '/home/ubuntu/charades/install/setup.sh'
[8.137s] INFO:colcon.colcon_core.shell:Creating prefix script '/home/ubuntu/charades/install/local_setup.bash'
[8.140s] INFO:colcon.colcon_core.shell:Creating prefix chain script '/home/ubuntu/charades/install/setup.bash'
[8.144s] INFO:colcon.colcon_core.shell:Creating prefix script '/home/ubuntu/charades/install/local_setup.zsh'
[8.147s] INFO:colcon.colcon_core.shell:Creating prefix chain script '/home/ubuntu/charades/install/setup.zsh'
