[0.716s] DEBUG:colcon:Command line arguments: ['/usr/bin/colcon', 'build', '--symlink-install']
[0.717s] DEBUG:colcon:Parsed command line arguments: Namespace(log_base=None, log_level=None, verb_name='build', build_base='build', install_base='install', merge_install=False, symlink_install=True, test_result_base=None, continue_on_error=False, executor='parallel', parallel_workers=4, event_handlers=None, ignore_user_meta=False, metas=['./colcon.meta'], base_paths=['.'], packages_ignore=None, packages_ignore_regex=None, paths=None, packages_up_to=None, packages_up_to_regex=None, packages_above=None, packages_above_and_dependencies=None, packages_above_depth=None, packages_select_by_dep=None, packages_skip_by_dep=None, packages_skip_up_to=None, packages_select_build_failed=False, packages_skip_build_finished=False, packages_select_test_failures=False, packages_skip_test_passed=False, packages_select=None, packages_skip=None, packages_select_regex=None, packages_skip_regex=None, packages_start=None, packages_end=None, allow_overriding=[], cmake_args=None, cmake_target=None, cmake_target_skip_unavailable=False, cmake_clean_cache=False, cmake_clean_first=False, cmake_force_configure=False, ament_cmake_args=None, catkin_cmake_args=None, catkin_skip_building_tests=False, mixin_files=None, mixin=None, verb_parser=<colcon_mixin.mixin.mixin_argument.MixinArgumentDecorator object at 0xffff800fd5a0>, verb_extension=<colcon_core.verb.build.BuildVerb object at 0xffff802d1cf0>, main=<bound method BuildVerb.main of <colcon_core.verb.build.BuildVerb object at 0xffff802d1cf0>>, mixin_verb=('build',))
[1.993s] Level 1:colcon.colcon_core.package_discovery:discover_packages(colcon_meta) check parameters
[1.994s] Level 1:colcon.colcon_core.package_discovery:discover_packages(recursive) check parameters
[1.994s] Level 1:colcon.colcon_core.package_discovery:discover_packages(ignore) check parameters
[1.994s] Level 1:colcon.colcon_core.package_discovery:discover_packages(path) check parameters
[1.994s] Level 1:colcon.colcon_core.package_discovery:discover_packages(colcon_meta) discover
[1.995s] Level 1:colcon.colcon_core.package_discovery:discover_packages(recursive) discover
[1.995s] INFO:colcon.colcon_core.package_discovery:Crawling recursively for packages in '/home/ubuntu/charades'
[1.996s] Level 1:colcon.colcon_core.package_identification:_identify(.) by extensions ['ignore', 'ignore_ament_install']
[1.996s] Level 1:colcon.colcon_core.package_identification:_identify(.) by extension 'ignore'
[1.996s] Level 1:colcon.colcon_core.package_identification:_identify(.) by extension 'ignore_ament_install'
[1.997s] Level 1:colcon.colcon_core.package_identification:_identify(.) by extensions ['colcon_pkg']
[1.997s] Level 1:colcon.colcon_core.package_identification:_identify(.) by extension 'colcon_pkg'
[1.997s] Level 1:colcon.colcon_core.package_identification:_identify(.) by extensions ['colcon_meta']
[1.997s] Level 1:colcon.colcon_core.package_identification:_identify(.) by extension 'colcon_meta'
[1.998s] Level 1:colcon.colcon_core.package_identification:_identify(.) by extensions ['ros']
[1.998s] Level 1:colcon.colcon_core.package_identification:_identify(.) by extension 'ros'
[2.068s] Level 1:colcon.colcon_core.package_identification:_identify(.) by extensions ['cmake', 'python']
[2.069s] Level 1:colcon.colcon_core.package_identification:_identify(.) by extension 'cmake'
[2.069s] Level 1:colcon.colcon_core.package_identification:_identify(.) by extension 'python'
[2.069s] Level 1:colcon.colcon_core.package_identification:_identify(.) by extensions ['python_setup_py']
[2.069s] Level 1:colcon.colcon_core.package_identification:_identify(.) by extension 'python_setup_py'
[2.070s] Level 1:colcon.colcon_core.package_identification:_identify(build) by extensions ['ignore', 'ignore_ament_install']
[2.070s] Level 1:colcon.colcon_core.package_identification:_identify(build) by extension 'ignore'
[2.070s] Level 1:colcon.colcon_core.package_identification:_identify(build) ignored
[2.071s] Level 1:colcon.colcon_core.package_identification:_identify(install) by extensions ['ignore', 'ignore_ament_install']
[2.072s] Level 1:colcon.colcon_core.package_identification:_identify(install) by extension 'ignore'
[2.072s] Level 1:colcon.colcon_core.package_identification:_identify(install) ignored
[2.073s] Level 1:colcon.colcon_core.package_identification:_identify(log) by extensions ['ignore', 'ignore_ament_install']
[2.074s] Level 1:colcon.colcon_core.package_identification:_identify(log) by extension 'ignore'
[2.074s] Level 1:colcon.colcon_core.package_identification:_identify(log) ignored
[2.075s] Level 1:colcon.colcon_core.package_identification:_identify(src) by extensions ['ignore', 'ignore_ament_install']
[2.075s] Level 1:colcon.colcon_core.package_identification:_identify(src) by extension 'ignore'
[2.076s] Level 1:colcon.colcon_core.package_identification:_identify(src) by extension 'ignore_ament_install'
[2.076s] Level 1:colcon.colcon_core.package_identification:_identify(src) by extensions ['colcon_pkg']
[2.076s] Level 1:colcon.colcon_core.package_identification:_identify(src) by extension 'colcon_pkg'
[2.076s] Level 1:colcon.colcon_core.package_identification:_identify(src) by extensions ['colcon_meta']
[2.076s] Level 1:colcon.colcon_core.package_identification:_identify(src) by extension 'colcon_meta'
[2.077s] Level 1:colcon.colcon_core.package_identification:_identify(src) by extensions ['ros']
[2.077s] Level 1:colcon.colcon_core.package_identification:_identify(src) by extension 'ros'
[2.077s] Level 1:colcon.colcon_core.package_identification:_identify(src) by extensions ['cmake', 'python']
[2.077s] Level 1:colcon.colcon_core.package_identification:_identify(src) by extension 'cmake'
[2.078s] Level 1:colcon.colcon_core.package_identification:_identify(src) by extension 'python'
[2.078s] Level 1:colcon.colcon_core.package_identification:_identify(src) by extensions ['python_setup_py']
[2.078s] Level 1:colcon.colcon_core.package_identification:_identify(src) by extension 'python_setup_py'
[2.079s] Level 1:colcon.colcon_core.package_identification:_identify(src/charades_pkg) by extensions ['ignore', 'ignore_ament_install']
[2.080s] Level 1:colcon.colcon_core.package_identification:_identify(src/charades_pkg) by extension 'ignore'
[2.080s] Level 1:colcon.colcon_core.package_identification:_identify(src/charades_pkg) by extension 'ignore_ament_install'
[2.081s] Level 1:colcon.colcon_core.package_identification:_identify(src/charades_pkg) by extensions ['colcon_pkg']
[2.081s] Level 1:colcon.colcon_core.package_identification:_identify(src/charades_pkg) by extension 'colcon_pkg'
[2.081s] Level 1:colcon.colcon_core.package_identification:_identify(src/charades_pkg) by extensions ['colcon_meta']
[2.081s] Level 1:colcon.colcon_core.package_identification:_identify(src/charades_pkg) by extension 'colcon_meta'
[2.082s] Level 1:colcon.colcon_core.package_identification:_identify(src/charades_pkg) by extensions ['ros']
[2.082s] Level 1:colcon.colcon_core.package_identification:_identify(src/charades_pkg) by extension 'ros'
[2.092s] DEBUG:colcon.colcon_core.package_identification:Package 'src/charades_pkg' with type 'ros.ament_python' and name 'charades_pkg'
[2.093s] Level 1:colcon.colcon_core.package_discovery:discover_packages(recursive) using defaults
[2.093s] Level 1:colcon.colcon_core.package_discovery:discover_packages(ignore) discover
[2.093s] Level 1:colcon.colcon_core.package_discovery:discover_packages(ignore) using defaults
[2.093s] Level 1:colcon.colcon_core.package_discovery:discover_packages(path) discover
[2.093s] Level 1:colcon.colcon_core.package_discovery:discover_packages(path) using defaults
[2.257s] Level 1:colcon.colcon_core.package_discovery:discover_packages(prefix_path) check parameters
[2.258s] Level 1:colcon.colcon_core.package_discovery:discover_packages(prefix_path) discover
[2.271s] DEBUG:colcon.colcon_installed_package_information.package_discovery:Found 1 installed packages in /home/ubuntu/charades/install
[2.282s] DEBUG:colcon.colcon_installed_package_information.package_discovery:Found 333 installed packages in /opt/ros/humble
[2.290s] Level 1:colcon.colcon_core.package_discovery:discover_packages(prefix_path) using defaults
[2.558s] Level 5:colcon.colcon_core.verb:set package 'charades_pkg' build argument 'cmake_args' from command line to 'None'
[2.558s] Level 5:colcon.colcon_core.verb:set package 'charades_pkg' build argument 'cmake_target' from command line to 'None'
[2.558s] Level 5:colcon.colcon_core.verb:set package 'charades_pkg' build argument 'cmake_target_skip_unavailable' from command line to 'False'
[2.558s] Level 5:colcon.colcon_core.verb:set package 'charades_pkg' build argument 'cmake_clean_cache' from command line to 'False'
[2.558s] Level 5:colcon.colcon_core.verb:set package 'charades_pkg' build argument 'cmake_clean_first' from command line to 'False'
[2.558s] Level 5:colcon.colcon_core.verb:set package 'charades_pkg' build argument 'cmake_force_configure' from command line to 'False'
[2.559s] Level 5:colcon.colcon_core.verb:set package 'charades_pkg' build argument 'ament_cmake_args' from command line to 'None'
[2.559s] Level 5:colcon.colcon_core.verb:set package 'charades_pkg' build argument 'catkin_cmake_args' from command line to 'None'
[2.559s] Level 5:colcon.colcon_core.verb:set package 'charades_pkg' build argument 'catkin_skip_building_tests' from command line to 'False'
[2.559s] DEBUG:colcon.colcon_core.verb:Building package 'charades_pkg' with the following arguments: {'ament_cmake_args': None, 'build_base': '/home/ubuntu/charades/build/charades_pkg', 'catkin_cmake_args': None, 'catkin_skip_building_tests': False, 'cmake_args': None, 'cmake_clean_cache': False, 'cmake_clean_first': False, 'cmake_force_configure': False, 'cmake_target': None, 'cmake_target_skip_unavailable': False, 'install_base': '/home/ubuntu/charades/install/charades_pkg', 'merge_install': False, 'path': '/home/ubuntu/charades/src/charades_pkg', 'symlink_install': True, 'test_result_base': None}
[2.560s] INFO:colcon.colcon_core.executor:Executing jobs using 'parallel' executor
[2.565s] DEBUG:colcon.colcon_parallel_executor.executor.parallel:run_until_complete
[2.566s] INFO:colcon.colcon_ros.task.ament_python.build:Building ROS package in '/home/ubuntu/charades/src/charades_pkg' with build type 'ament_python'
[2.567s] Level 1:colcon.colcon_core.shell:create_environment_hook('charades_pkg', 'ament_prefix_path')
[2.583s] INFO:colcon.colcon_core.plugin_system:Skipping extension 'colcon_core.shell.bat': Not used on non-Windows systems
[2.584s] INFO:colcon.colcon_core.shell:Creating environment hook '/home/ubuntu/charades/install/charades_pkg/share/charades_pkg/hook/ament_prefix_path.ps1'
[2.588s] INFO:colcon.colcon_core.shell:Creating environment descriptor '/home/ubuntu/charades/install/charades_pkg/share/charades_pkg/hook/ament_prefix_path.dsv'
[2.593s] INFO:colcon.colcon_core.shell:Creating environment hook '/home/ubuntu/charades/install/charades_pkg/share/charades_pkg/hook/ament_prefix_path.sh'
[2.601s] INFO:colcon.colcon_core.shell:Skip shell extension 'powershell' for command environment: Not usable outside of PowerShell
[2.602s] DEBUG:colcon.colcon_core.shell:Skip shell extension 'dsv' for command environment
[4.517s] INFO:colcon.colcon_core.task.python.build:Building Python package in '/home/ubuntu/charades/src/charades_pkg'
[4.519s] INFO:colcon.colcon_core.shell:Skip shell extension 'powershell' for command environment: Not usable outside of PowerShell
[4.519s] DEBUG:colcon.colcon_core.shell:Skip shell extension 'dsv' for command environment
[7.064s] DEBUG:colcon.colcon_core.event_handler.log_command:Invoking command in '/home/ubuntu/charades/build/charades_pkg': PYTHONPATH=/home/ubuntu/charades/build/charades_pkg/prefix_override:/usr/lib/python3/dist-packages/colcon_core/task/python/colcon_distutils_commands:/home/ubuntu/charades/install/charades_pkg/lib/python3.10/site-packages:${PYTHONPATH} /usr/bin/python3 -W ignore:setup.py install is deprecated setup.py develop --editable --build-directory /home/ubuntu/charades/build/charades_pkg/build --no-deps symlink_data
[10.320s] Level 1:colcon.colcon_core.shell:create_environment_hook('charades_pkg', 'pythonpath_develop')
[10.322s] INFO:colcon.colcon_core.shell:Creating environment hook '/home/ubuntu/charades/build/charades_pkg/share/charades_pkg/hook/pythonpath_develop.ps1'
[10.326s] DEBUG:colcon.colcon_core.event_handler.log_command:Invoked command in '/home/ubuntu/charades/build/charades_pkg' returned '0': PYTHONPATH=/home/ubuntu/charades/build/charades_pkg/prefix_override:/usr/lib/python3/dist-packages/colcon_core/task/python/colcon_distutils_commands:/home/ubuntu/charades/install/charades_pkg/lib/python3.10/site-packages:${PYTHONPATH} /usr/bin/python3 -W ignore:setup.py install is deprecated setup.py develop --editable --build-directory /home/ubuntu/charades/build/charades_pkg/build --no-deps symlink_data
[10.327s] INFO:colcon.colcon_core.shell:Creating environment descriptor '/home/ubuntu/charades/build/charades_pkg/share/charades_pkg/hook/pythonpath_develop.dsv'
[10.329s] INFO:colcon.colcon_core.shell:Creating environment hook '/home/ubuntu/charades/build/charades_pkg/share/charades_pkg/hook/pythonpath_develop.sh'
[10.363s] Level 1:colcon.colcon_core.environment:checking '/home/ubuntu/charades/install/charades_pkg' for CMake module files
[10.366s] Level 1:colcon.colcon_core.environment:checking '/home/ubuntu/charades/install/charades_pkg' for CMake config files
[10.372s] Level 1:colcon.colcon_core.environment:checking '/home/ubuntu/charades/install/charades_pkg/lib'
[10.373s] Level 1:colcon.colcon_core.environment:checking '/home/ubuntu/charades/install/charades_pkg/bin'
[10.373s] Level 1:colcon.colcon_core.environment:checking '/home/ubuntu/charades/install/charades_pkg/lib/pkgconfig/charades_pkg.pc'
[10.374s] Level 1:colcon.colcon_core.environment:checking '/home/ubuntu/charades/install/charades_pkg/lib/python3.10/site-packages'
[10.375s] Level 1:colcon.colcon_core.shell:create_environment_hook('charades_pkg', 'pythonpath')
[10.376s] INFO:colcon.colcon_core.shell:Creating environment hook '/home/ubuntu/charades/install/charades_pkg/share/charades_pkg/hook/pythonpath.ps1'
[10.378s] INFO:colcon.colcon_core.shell:Creating environment descriptor '/home/ubuntu/charades/install/charades_pkg/share/charades_pkg/hook/pythonpath.dsv'
[10.380s] INFO:colcon.colcon_core.shell:Creating environment hook '/home/ubuntu/charades/install/charades_pkg/share/charades_pkg/hook/pythonpath.sh'
[10.385s] Level 1:colcon.colcon_core.environment:checking '/home/ubuntu/charades/install/charades_pkg/bin'
[10.386s] Level 1:colcon.colcon_core.environment:create_environment_scripts_only(charades_pkg)
[10.388s] INFO:colcon.colcon_core.shell:Creating package script '/home/ubuntu/charades/install/charades_pkg/share/charades_pkg/package.ps1'
[10.392s] INFO:colcon.colcon_core.shell:Creating package descriptor '/home/ubuntu/charades/install/charades_pkg/share/charades_pkg/package.dsv'
[10.396s] INFO:colcon.colcon_core.shell:Creating package script '/home/ubuntu/charades/install/charades_pkg/share/charades_pkg/package.sh'
[10.400s] INFO:colcon.colcon_core.shell:Creating package script '/home/ubuntu/charades/install/charades_pkg/share/charades_pkg/package.bash'
[10.408s] INFO:colcon.colcon_core.shell:Creating package script '/home/ubuntu/charades/install/charades_pkg/share/charades_pkg/package.zsh'
[10.412s] Level 1:colcon.colcon_core.environment:create_file_with_runtime_dependencies(/home/ubuntu/charades/install/charades_pkg/share/colcon-core/packages/charades_pkg)
[10.413s] DEBUG:colcon.colcon_parallel_executor.executor.parallel:closing loop
[10.416s] DEBUG:colcon.colcon_parallel_executor.executor.parallel:loop closed
[10.416s] DEBUG:colcon.colcon_parallel_executor.executor.parallel:run_until_complete finished with '0'
[10.417s] DEBUG:colcon.colcon_core.event_reactor:joining thread
[10.451s] INFO:colcon.colcon_core.plugin_system:Skipping extension 'colcon_notification.desktop_notification.notify_send': Could not find 'notify-send'
[10.451s] INFO:colcon.colcon_core.plugin_system:Skipping extension 'colcon_notification.desktop_notification.terminal_notifier': Not used on non-Darwin systems
[10.452s] INFO:colcon.colcon_core.plugin_system:Skipping extension 'colcon_notification.desktop_notification.win32': Not used on non-Windows systems
[10.452s] INFO:colcon.colcon_notification.desktop_notification:Sending desktop notification using 'notify2'
[10.458s] DEBUG:colcon.colcon_notification.desktop_notification.notify2:Failed to initialize notify2: org.freedesktop.DBus.Error.ServiceUnknown: The name org.freedesktop.Notifications was not provided by any .service files
[10.459s] DEBUG:colcon.colcon_core.event_reactor:joined thread
[10.460s] INFO:colcon.colcon_core.shell:Creating prefix script '/home/ubuntu/charades/install/local_setup.ps1'
[10.465s] INFO:colcon.colcon_core.shell:Creating prefix util module '/home/ubuntu/charades/install/_local_setup_util_ps1.py'
[10.473s] INFO:colcon.colcon_core.shell:Creating prefix chain script '/home/ubuntu/charades/install/setup.ps1'
[10.480s] INFO:colcon.colcon_core.shell:Creating prefix script '/home/ubuntu/charades/install/local_setup.sh'
[10.484s] INFO:colcon.colcon_core.shell:Creating prefix util module '/home/ubuntu/charades/install/_local_setup_util_sh.py'
[10.487s] INFO:colcon.colcon_core.shell:Creating prefix chain script '/home/ubuntu/charades/install/setup.sh'
[10.492s] INFO:colcon.colcon_core.shell:Creating prefix script '/home/ubuntu/charades/install/local_setup.bash'
[10.495s] INFO:colcon.colcon_core.shell:Creating prefix chain script '/home/ubuntu/charades/install/setup.bash'
[10.501s] INFO:colcon.colcon_core.shell:Creating prefix script '/home/ubuntu/charades/install/local_setup.zsh'
[10.505s] INFO:colcon.colcon_core.shell:Creating prefix chain script '/home/ubuntu/charades/install/setup.zsh'
